{"c:\\Users\\juanf\\Documents\\U\\ARSW\\F4U\\f4u-frontend\\src\\components\\AuthTest.jsx": {"path":"c:\\Users\\juanf\\Documents\\U\\ARSW\\F4U\\f4u-frontend\\src\\components\\AuthTest.jsx","all":false,"statementMap":{"0":{"start":{"line":1,"column":0},"end":{"line":1,"column":30}},"1":{"start":{"line":2,"column":0},"end":{"line":2,"column":51}},"2":{"start":{"line":3,"column":0},"end":{"line":3,"column":64}},"3":{"start":{"line":4,"column":0},"end":{"line":4,"column":61}},"5":{"start":{"line":6,"column":0},"end":{"line":6,"column":24}},"6":{"start":{"line":7,"column":0},"end":{"line":7,"column":33}},"7":{"start":{"line":8,"column":0},"end":{"line":8,"column":47}},"8":{"start":{"line":9,"column":0},"end":{"line":9,"column":61}},"9":{"start":{"line":10,"column":0},"end":{"line":10,"column":59}},"10":{"start":{"line":11,"column":0},"end":{"line":11,"column":51}},"11":{"start":{"line":12,"column":0},"end":{"line":12,"column":43}},"12":{"start":{"line":13,"column":0},"end":{"line":13,"column":56}},"14":{"start":{"line":15,"column":0},"end":{"line":15,"column":19}},"16":{"start":{"line":17,"column":0},"end":{"line":17,"column":30}},"17":{"start":{"line":18,"column":0},"end":{"line":18,"column":58}},"18":{"start":{"line":19,"column":0},"end":{"line":19,"column":30}},"19":{"start":{"line":20,"column":0},"end":{"line":20,"column":18}},"20":{"start":{"line":21,"column":0},"end":{"line":21,"column":76}},"21":{"start":{"line":22,"column":0},"end":{"line":22,"column":7}},"22":{"start":{"line":23,"column":0},"end":{"line":23,"column":6}},"24":{"start":{"line":25,"column":0},"end":{"line":25,"column":17}},"26":{"start":{"line":27,"column":0},"end":{"line":27,"column":51}},"27":{"start":{"line":28,"column":0},"end":{"line":28,"column":41}},"28":{"start":{"line":29,"column":0},"end":{"line":29,"column":9}},"30":{"start":{"line":31,"column":0},"end":{"line":31,"column":19}},"31":{"start":{"line":32,"column":0},"end":{"line":32,"column":41}},"32":{"start":{"line":33,"column":0},"end":{"line":33,"column":67}},"35":{"start":{"line":36,"column":0},"end":{"line":36,"column":11}},"36":{"start":{"line":37,"column":0},"end":{"line":37,"column":51}},"37":{"start":{"line":38,"column":0},"end":{"line":38,"column":70}},"38":{"start":{"line":39,"column":0},"end":{"line":39,"column":38}},"39":{"start":{"line":40,"column":0},"end":{"line":40,"column":55}},"40":{"start":{"line":41,"column":0},"end":{"line":41,"column":23}},"41":{"start":{"line":42,"column":0},"end":{"line":42,"column":75}},"42":{"start":{"line":43,"column":0},"end":{"line":43,"column":64}},"43":{"start":{"line":44,"column":0},"end":{"line":44,"column":7}},"47":{"start":{"line":48,"column":0},"end":{"line":48,"column":43}},"48":{"start":{"line":49,"column":0},"end":{"line":49,"column":98}},"49":{"start":{"line":50,"column":0},"end":{"line":50,"column":13}},"50":{"start":{"line":51,"column":0},"end":{"line":51,"column":57}},"51":{"start":{"line":52,"column":0},"end":{"line":52,"column":68}},"52":{"start":{"line":53,"column":0},"end":{"line":53,"column":42}},"53":{"start":{"line":54,"column":0},"end":{"line":54,"column":58}},"54":{"start":{"line":55,"column":0},"end":{"line":55,"column":25}},"55":{"start":{"line":56,"column":0},"end":{"line":56,"column":94}},"57":{"start":{"line":58,"column":0},"end":{"line":58,"column":67}},"58":{"start":{"line":59,"column":0},"end":{"line":59,"column":9}},"61":{"start":{"line":62,"column":0},"end":{"line":62,"column":13}},"62":{"start":{"line":63,"column":0},"end":{"line":63,"column":62}},"63":{"start":{"line":64,"column":0},"end":{"line":64,"column":79}},"64":{"start":{"line":65,"column":0},"end":{"line":65,"column":43}},"65":{"start":{"line":66,"column":0},"end":{"line":66,"column":56}},"66":{"start":{"line":67,"column":0},"end":{"line":67,"column":25}},"67":{"start":{"line":68,"column":0},"end":{"line":68,"column":83}},"68":{"start":{"line":69,"column":0},"end":{"line":69,"column":65}},"69":{"start":{"line":70,"column":0},"end":{"line":70,"column":9}},"70":{"start":{"line":71,"column":0},"end":{"line":71,"column":14}},"71":{"start":{"line":72,"column":0},"end":{"line":72,"column":91}},"72":{"start":{"line":73,"column":0},"end":{"line":73,"column":7}},"73":{"start":{"line":74,"column":0},"end":{"line":74,"column":6}},"75":{"start":{"line":76,"column":0},"end":{"line":76,"column":22}},"76":{"start":{"line":77,"column":0},"end":{"line":77,"column":37}},"78":{"start":{"line":79,"column":0},"end":{"line":79,"column":10}},"79":{"start":{"line":80,"column":0},"end":{"line":80,"column":17}},"80":{"start":{"line":81,"column":0},"end":{"line":81,"column":24}},"81":{"start":{"line":82,"column":0},"end":{"line":82,"column":21}},"82":{"start":{"line":83,"column":0},"end":{"line":83,"column":20}},"83":{"start":{"line":84,"column":0},"end":{"line":84,"column":26}},"84":{"start":{"line":85,"column":0},"end":{"line":85,"column":22}},"85":{"start":{"line":86,"column":0},"end":{"line":86,"column":26}},"86":{"start":{"line":87,"column":0},"end":{"line":87,"column":46}},"87":{"start":{"line":88,"column":0},"end":{"line":88,"column":23}},"88":{"start":{"line":89,"column":0},"end":{"line":89,"column":24}},"89":{"start":{"line":90,"column":0},"end":{"line":90,"column":18}},"90":{"start":{"line":91,"column":0},"end":{"line":91,"column":7}},"91":{"start":{"line":92,"column":0},"end":{"line":92,"column":84}},"94":{"start":{"line":95,"column":0},"end":{"line":95,"column":43}},"95":{"start":{"line":96,"column":0},"end":{"line":96,"column":73}},"96":{"start":{"line":97,"column":0},"end":{"line":97,"column":12}},"99":{"start":{"line":100,"column":0},"end":{"line":100,"column":31}},"100":{"start":{"line":101,"column":0},"end":{"line":101,"column":45}},"101":{"start":{"line":102,"column":0},"end":{"line":102,"column":45}},"102":{"start":{"line":103,"column":0},"end":{"line":103,"column":33}},"103":{"start":{"line":104,"column":0},"end":{"line":104,"column":47}},"104":{"start":{"line":105,"column":0},"end":{"line":105,"column":14}},"108":{"start":{"line":109,"column":0},"end":{"line":109,"column":43}},"109":{"start":{"line":110,"column":0},"end":{"line":110,"column":72}},"110":{"start":{"line":111,"column":0},"end":{"line":111,"column":25}},"111":{"start":{"line":112,"column":0},"end":{"line":112,"column":80}},"113":{"start":{"line":114,"column":0},"end":{"line":114,"column":16}},"115":{"start":{"line":116,"column":0},"end":{"line":116,"column":12}},"118":{"start":{"line":119,"column":0},"end":{"line":119,"column":43}},"119":{"start":{"line":120,"column":0},"end":{"line":120,"column":111}},"120":{"start":{"line":121,"column":0},"end":{"line":121,"column":96}},"121":{"start":{"line":122,"column":0},"end":{"line":122,"column":12}},"124":{"start":{"line":125,"column":0},"end":{"line":125,"column":43}},"125":{"start":{"line":126,"column":0},"end":{"line":126,"column":111}},"126":{"start":{"line":127,"column":0},"end":{"line":127,"column":28}},"127":{"start":{"line":128,"column":0},"end":{"line":128,"column":62}},"128":{"start":{"line":129,"column":0},"end":{"line":129,"column":85}},"129":{"start":{"line":130,"column":0},"end":{"line":130,"column":16}},"131":{"start":{"line":132,"column":0},"end":{"line":132,"column":98}},"132":{"start":{"line":133,"column":0},"end":{"line":133,"column":12}},"135":{"start":{"line":136,"column":0},"end":{"line":136,"column":21}},"136":{"start":{"line":137,"column":0},"end":{"line":137,"column":67}},"137":{"start":{"line":138,"column":0},"end":{"line":138,"column":69}},"139":{"start":{"line":140,"column":0},"end":{"line":140,"column":20}},"140":{"start":{"line":141,"column":0},"end":{"line":141,"column":64}},"141":{"start":{"line":142,"column":0},"end":{"line":142,"column":92}},"142":{"start":{"line":143,"column":0},"end":{"line":143,"column":37}},"143":{"start":{"line":144,"column":0},"end":{"line":144,"column":16}},"144":{"start":{"line":145,"column":0},"end":{"line":145,"column":82}},"145":{"start":{"line":146,"column":0},"end":{"line":146,"column":80}},"146":{"start":{"line":147,"column":0},"end":{"line":147,"column":100}},"147":{"start":{"line":148,"column":0},"end":{"line":148,"column":17}},"149":{"start":{"line":150,"column":0},"end":{"line":150,"column":80}},"150":{"start":{"line":151,"column":0},"end":{"line":151,"column":16}},"151":{"start":{"line":152,"column":0},"end":{"line":152,"column":18}},"154":{"start":{"line":155,"column":0},"end":{"line":155,"column":73}},"156":{"start":{"line":157,"column":0},"end":{"line":157,"column":12}},"157":{"start":{"line":158,"column":0},"end":{"line":158,"column":10}},"159":{"start":{"line":160,"column":0},"end":{"line":160,"column":2}},"161":{"start":{"line":162,"column":0},"end":{"line":162,"column":24}}},"s":{"0":1,"1":1,"2":1,"3":1,"5":1,"6":1,"7":1,"8":1,"9":1,"10":1,"11":1,"12":1,"14":1,"16":1,"17":1,"18":1,"19":1,"20":1,"21":1,"22":1,"24":1,"26":1,"27":1,"28":1,"30":1,"31":1,"32":3,"35":3,"36":3,"37":3,"38":3,"39":3,"40":1,"41":1,"42":5,"43":5,"47":5,"48":5,"49":3,"50":3,"51":5,"52":2,"53":2,"54":5,"55":5,"57":2,"58":2,"61":2,"62":2,"63":1,"64":1,"65":1,"66":1,"67":1,"68":2,"69":2,"70":2,"71":2,"72":1,"73":1,"75":1,"76":1,"78":1,"79":1,"80":1,"81":1,"82":1,"83":1,"84":1,"85":1,"86":1,"87":3,"88":3,"89":3,"90":3,"91":1,"94":1,"95":1,"96":1,"99":1,"100":1,"101":1,"102":1,"103":1,"104":1,"108":1,"109":4,"110":4,"111":4,"113":4,"115":4,"118":4,"119":1,"120":1,"121":1,"124":1,"125":1,"126":1,"127":1,"128":1,"129":1,"131":1,"132":1,"135":1,"136":1,"137":1,"139":1,"140":1,"141":0,"142":0,"143":0,"144":0,"145":0,"146":0,"147":0,"149":0,"150":0,"151":0,"154":1,"156":1,"157":1,"159":1,"161":1},"branchMap":{"0":{"type":"branch","line":102,"loc":{"start":{"line":102,"column":18},"end":{"line":102,"column":11}},"locations":[{"start":{"line":102,"column":18},"end":{"line":102,"column":11}}]},"1":{"type":"branch","line":102,"loc":{"start":{"line":102,"column":10},"end":{"line":102,"column":11}},"locations":[{"start":{"line":102,"column":10},"end":{"line":102,"column":11}}]},"2":{"type":"branch","line":109,"loc":{"start":{"line":109,"column":6},"end":{"line":109,"column":7}},"locations":[{"start":{"line":109,"column":6},"end":{"line":109,"column":7}}]},"3":{"type":"branch","line":109,"loc":{"start":{"line":109,"column":6},"end":{"line":109,"column":7}},"locations":[{"start":{"line":109,"column":6},"end":{"line":109,"column":7}}]},"4":{"type":"branch","line":109,"loc":{"start":{"line":109,"column":6},"end":{"line":120,"column":9}},"locations":[{"start":{"line":109,"column":6},"end":{"line":120,"column":9}}]},"5":{"type":"branch","line":119,"loc":{"start":{"line":119,"column":6},"end":{"line":119,"column":7}},"locations":[{"start":{"line":119,"column":6},"end":{"line":119,"column":7}}]},"6":{"type":"branch","line":119,"loc":{"start":{"line":119,"column":6},"end":{"line":119,"column":7}},"locations":[{"start":{"line":119,"column":6},"end":{"line":119,"column":7}}]},"7":{"type":"branch","line":119,"loc":{"start":{"line":119,"column":6},"end":{"line":119,"column":7}},"locations":[{"start":{"line":119,"column":6},"end":{"line":119,"column":7}}]},"8":{"type":"branch","line":119,"loc":{"start":{"line":119,"column":6},"end":{"line":119,"column":7}},"locations":[{"start":{"line":119,"column":6},"end":{"line":119,"column":7}}]},"9":{"type":"branch","line":119,"loc":{"start":{"line":119,"column":6},"end":{"line":126,"column":9}},"locations":[{"start":{"line":119,"column":6},"end":{"line":126,"column":9}}]},"10":{"type":"branch","line":129,"loc":{"start":{"line":129,"column":12},"end":{"line":129,"column":13}},"locations":[{"start":{"line":129,"column":12},"end":{"line":129,"column":13}}]},"11":{"type":"branch","line":129,"loc":{"start":{"line":129,"column":12},"end":{"line":129,"column":33}},"locations":[{"start":{"line":129,"column":12},"end":{"line":129,"column":33}}]},"12":{"type":"branch","line":129,"loc":{"start":{"line":129,"column":12},"end":{"line":129,"column":13}},"locations":[{"start":{"line":129,"column":12},"end":{"line":129,"column":13}}]},"13":{"type":"branch","line":129,"loc":{"start":{"line":129,"column":12},"end":{"line":129,"column":33}},"locations":[{"start":{"line":129,"column":12},"end":{"line":129,"column":33}}]},"14":{"type":"branch","line":132,"loc":{"start":{"line":132,"column":27},"end":{"line":132,"column":28}},"locations":[{"start":{"line":132,"column":27},"end":{"line":132,"column":28}}]},"15":{"type":"branch","line":125,"loc":{"start":{"line":125,"column":6},"end":{"line":138,"column":59}},"locations":[{"start":{"line":125,"column":6},"end":{"line":138,"column":59}}]},"16":{"type":"branch","line":145,"loc":{"start":{"line":145,"column":21},"end":{"line":145,"column":22}},"locations":[{"start":{"line":145,"column":21},"end":{"line":145,"column":22}}]},"17":{"type":"branch","line":141,"loc":{"start":{"line":141,"column":10},"end":{"line":155,"column":7}},"locations":[{"start":{"line":141,"column":10},"end":{"line":155,"column":7}}]},"18":{"type":"branch","line":32,"loc":{"start":{"line":32,"column":4},"end":{"line":40,"column":55}},"locations":[{"start":{"line":32,"column":4},"end":{"line":40,"column":55}}]},"19":{"type":"branch","line":32,"loc":{"start":{"line":32,"column":40},"end":{"line":38,"column":57}},"locations":[{"start":{"line":32,"column":40},"end":{"line":38,"column":57}}]},"20":{"type":"branch","line":37,"loc":{"start":{"line":37,"column":29},"end":{"line":38,"column":57}},"locations":[{"start":{"line":37,"column":29},"end":{"line":38,"column":57}}]},"21":{"type":"branch","line":40,"loc":{"start":{"line":40,"column":18},"end":{"line":40,"column":51}},"locations":[{"start":{"line":40,"column":18},"end":{"line":40,"column":51}}]},"22":{"type":"branch","line":42,"loc":{"start":{"line":42,"column":16},"end":{"line":92,"column":7}},"locations":[{"start":{"line":42,"column":16},"end":{"line":92,"column":7}}]},"23":{"type":"branch","line":42,"loc":{"start":{"line":42,"column":22},"end":{"line":92,"column":7}},"locations":[{"start":{"line":42,"column":22},"end":{"line":92,"column":7}}]},"24":{"type":"branch","line":49,"loc":{"start":{"line":49,"column":20},"end":{"line":52,"column":18}},"locations":[{"start":{"line":49,"column":20},"end":{"line":52,"column":18}}]},"25":{"type":"branch","line":52,"loc":{"start":{"line":52,"column":10},"end":{"line":54,"column":58}},"locations":[{"start":{"line":52,"column":10},"end":{"line":54,"column":58}}]},"26":{"type":"branch","line":56,"loc":{"start":{"line":56,"column":10},"end":{"line":56,"column":18}},"locations":[{"start":{"line":56,"column":10},"end":{"line":56,"column":18}}]},"27":{"type":"branch","line":56,"loc":{"start":{"line":56,"column":18},"end":{"line":87,"column":46}},"locations":[{"start":{"line":56,"column":18},"end":{"line":87,"column":46}}]},"28":{"type":"branch","line":63,"loc":{"start":{"line":63,"column":16},"end":{"line":69,"column":20}},"locations":[{"start":{"line":63,"column":16},"end":{"line":69,"column":20}}]},"29":{"type":"branch","line":72,"loc":{"start":{"line":72,"column":20},"end":{"line":87,"column":46}},"locations":[{"start":{"line":72,"column":20},"end":{"line":87,"column":46}}]},"30":{"type":"branch","line":87,"loc":{"start":{"line":87,"column":17},"end":{"line":92,"column":7}},"locations":[{"start":{"line":87,"column":17},"end":{"line":92,"column":7}}]},"31":{"type":"branch","line":51,"loc":{"start":{"line":51,"column":32},"end":{"line":51,"column":55}},"locations":[{"start":{"line":51,"column":32},"end":{"line":51,"column":55}}]},"32":{"type":"branch","line":54,"loc":{"start":{"line":54,"column":10},"end":{"line":54,"column":54}},"locations":[{"start":{"line":54,"column":10},"end":{"line":54,"column":54}}]},"33":{"type":"branch","line":64,"loc":{"start":{"line":64,"column":59},"end":{"line":65,"column":37}},"locations":[{"start":{"line":64,"column":59},"end":{"line":65,"column":37}}]},"34":{"type":"branch","line":68,"loc":{"start":{"line":68,"column":24},"end":{"line":69,"column":20}},"locations":[{"start":{"line":68,"column":24},"end":{"line":69,"column":20}}]},"35":{"type":"branch","line":79,"loc":{"start":{"line":79,"column":2},"end":{"line":80,"column":5}},"locations":[{"start":{"line":79,"column":2},"end":{"line":80,"column":5}}]},"36":{"type":"branch","line":85,"loc":{"start":{"line":85,"column":6},"end":{"line":87,"column":17}},"locations":[{"start":{"line":85,"column":6},"end":{"line":87,"column":17}}]}},"b":{"0":[6],"1":[2],"2":[4],"3":[4],"4":[4],"5":[2],"6":[6],"7":[1],"8":[5],"9":[1],"10":[1],"11":[7],"12":[1],"13":[6],"14":[0],"15":[1],"16":[0],"17":[0],"18":[3],"19":[3],"20":[2],"21":[3],"22":[5],"23":[5],"24":[3],"25":[2],"26":[4],"27":[2],"28":[1],"29":[1],"30":[3],"31":[3],"32":[2],"33":[1],"34":[1],"35":[1],"36":[1]},"fnMap":{"0":{"name":"checkToken","decl":{"start":{"line":32,"column":40},"end":{"line":38,"column":57}},"loc":{"start":{"line":32,"column":40},"end":{"line":38,"column":57}},"line":32},"1":{"name":"testConnections","decl":{"start":{"line":42,"column":22},"end":{"line":92,"column":7}},"loc":{"start":{"line":42,"column":22},"end":{"line":92,"column":7}},"line":42}},"f":{"0":3,"1":5}}
,"c:\\Users\\juanf\\Documents\\U\\ARSW\\F4U\\f4u-frontend\\src\\components\\Chatbot.jsx": {"path":"c:\\Users\\juanf\\Documents\\U\\ARSW\\F4U\\f4u-frontend\\src\\components\\Chatbot.jsx","all":false,"statementMap":{"0":{"start":{"line":1,"column":0},"end":{"line":1,"column":59}},"1":{"start":{"line":2,"column":0},"end":{"line":2,"column":44}},"2":{"start":{"line":3,"column":0},"end":{"line":3,"column":26}},"3":{"start":{"line":4,"column":0},"end":{"line":4,"column":45}},"4":{"start":{"line":5,"column":0},"end":{"line":5,"column":31}},"6":{"start":{"line":7,"column":0},"end":{"line":7,"column":23}},"7":{"start":{"line":8,"column":0},"end":{"line":8,"column":44}},"8":{"start":{"line":9,"column":0},"end":{"line":9,"column":5}},"9":{"start":{"line":10,"column":0},"end":{"line":10,"column":12}},"10":{"start":{"line":11,"column":0},"end":{"line":11,"column":144}},"11":{"start":{"line":12,"column":0},"end":{"line":12,"column":20}},"12":{"start":{"line":13,"column":0},"end":{"line":13,"column":27}},"13":{"start":{"line":14,"column":0},"end":{"line":14,"column":5}},"14":{"start":{"line":15,"column":0},"end":{"line":15,"column":5}},"15":{"start":{"line":16,"column":0},"end":{"line":16,"column":55}},"16":{"start":{"line":17,"column":0},"end":{"line":17,"column":52}},"17":{"start":{"line":18,"column":0},"end":{"line":18,"column":46}},"18":{"start":{"line":19,"column":0},"end":{"line":19,"column":38}},"19":{"start":{"line":20,"column":0},"end":{"line":20,"column":43}},"22":{"start":{"line":23,"column":0},"end":{"line":23,"column":32}},"23":{"start":{"line":24,"column":0},"end":{"line":24,"column":67}},"24":{"start":{"line":25,"column":0},"end":{"line":25,"column":4}},"26":{"start":{"line":27,"column":0},"end":{"line":27,"column":19}},"27":{"start":{"line":28,"column":0},"end":{"line":28,"column":21}},"28":{"start":{"line":29,"column":0},"end":{"line":29,"column":17}},"31":{"start":{"line":32,"column":0},"end":{"line":32,"column":38}},"32":{"start":{"line":33,"column":0},"end":{"line":33,"column":9}},"33":{"start":{"line":34,"column":0},"end":{"line":34,"column":34}},"34":{"start":{"line":35,"column":0},"end":{"line":35,"column":58}},"35":{"start":{"line":36,"column":0},"end":{"line":36,"column":24}},"36":{"start":{"line":37,"column":0},"end":{"line":37,"column":25}},"37":{"start":{"line":38,"column":0},"end":{"line":38,"column":9}},"38":{"start":{"line":39,"column":0},"end":{"line":39,"column":34}},"39":{"start":{"line":40,"column":0},"end":{"line":40,"column":21}},"40":{"start":{"line":41,"column":0},"end":{"line":41,"column":54}},"41":{"start":{"line":42,"column":0},"end":{"line":42,"column":18}},"42":{"start":{"line":43,"column":0},"end":{"line":43,"column":5}},"43":{"start":{"line":44,"column":0},"end":{"line":44,"column":4}},"46":{"start":{"line":47,"column":0},"end":{"line":47,"column":42}},"47":{"start":{"line":48,"column":0},"end":{"line":48,"column":23}},"49":{"start":{"line":50,"column":0},"end":{"line":50,"column":50}},"51":{"start":{"line":52,"column":0},"end":{"line":52,"column":25}},"52":{"start":{"line":53,"column":0},"end":{"line":53,"column":30}},"53":{"start":{"line":54,"column":0},"end":{"line":54,"column":25}},"54":{"start":{"line":55,"column":0},"end":{"line":55,"column":21}},"55":{"start":{"line":56,"column":0},"end":{"line":56,"column":27}},"56":{"start":{"line":57,"column":0},"end":{"line":57,"column":6}},"58":{"start":{"line":59,"column":0},"end":{"line":59,"column":48}},"59":{"start":{"line":60,"column":0},"end":{"line":60,"column":24}},"60":{"start":{"line":61,"column":0},"end":{"line":61,"column":23}},"62":{"start":{"line":63,"column":0},"end":{"line":63,"column":9}},"63":{"start":{"line":64,"column":0},"end":{"line":64,"column":43}},"65":{"start":{"line":66,"column":0},"end":{"line":66,"column":19}},"66":{"start":{"line":67,"column":0},"end":{"line":67,"column":72}},"67":{"start":{"line":68,"column":0},"end":{"line":68,"column":7}},"69":{"start":{"line":70,"column":0},"end":{"line":70,"column":78}},"71":{"start":{"line":72,"column":0},"end":{"line":72,"column":40}},"72":{"start":{"line":73,"column":0},"end":{"line":73,"column":37}},"73":{"start":{"line":74,"column":0},"end":{"line":74,"column":35}},"74":{"start":{"line":75,"column":0},"end":{"line":75,"column":9}},"75":{"start":{"line":76,"column":0},"end":{"line":76,"column":20}},"76":{"start":{"line":77,"column":0},"end":{"line":77,"column":47}},"77":{"start":{"line":78,"column":0},"end":{"line":78,"column":46}},"78":{"start":{"line":79,"column":0},"end":{"line":79,"column":11}},"79":{"start":{"line":80,"column":0},"end":{"line":80,"column":9}},"80":{"start":{"line":81,"column":0},"end":{"line":81,"column":8}},"82":{"start":{"line":83,"column":0},"end":{"line":83,"column":26}},"83":{"start":{"line":84,"column":0},"end":{"line":84,"column":32}},"84":{"start":{"line":85,"column":0},"end":{"line":85,"column":35}},"85":{"start":{"line":86,"column":0},"end":{"line":86,"column":22}},"86":{"start":{"line":87,"column":0},"end":{"line":87,"column":29}},"87":{"start":{"line":88,"column":0},"end":{"line":88,"column":8}},"89":{"start":{"line":90,"column":0},"end":{"line":90,"column":49}},"91":{"start":{"line":92,"column":0},"end":{"line":92,"column":21}},"92":{"start":{"line":93,"column":0},"end":{"line":93,"column":55}},"94":{"start":{"line":95,"column":0},"end":{"line":95,"column":28}},"95":{"start":{"line":96,"column":0},"end":{"line":96,"column":32}},"96":{"start":{"line":97,"column":0},"end":{"line":97,"column":94}},"97":{"start":{"line":98,"column":0},"end":{"line":98,"column":22}},"98":{"start":{"line":99,"column":0},"end":{"line":99,"column":30}},"99":{"start":{"line":100,"column":0},"end":{"line":100,"column":21}},"100":{"start":{"line":101,"column":0},"end":{"line":101,"column":8}},"102":{"start":{"line":103,"column":0},"end":{"line":103,"column":51}},"103":{"start":{"line":104,"column":0},"end":{"line":104,"column":15}},"104":{"start":{"line":105,"column":0},"end":{"line":105,"column":26}},"105":{"start":{"line":106,"column":0},"end":{"line":106,"column":5}},"106":{"start":{"line":107,"column":0},"end":{"line":107,"column":4}},"108":{"start":{"line":109,"column":0},"end":{"line":109,"column":10}},"109":{"start":{"line":110,"column":0},"end":{"line":110,"column":6}},"111":{"start":{"line":112,"column":0},"end":{"line":112,"column":14}},"112":{"start":{"line":113,"column":0},"end":{"line":113,"column":60}},"113":{"start":{"line":114,"column":0},"end":{"line":114,"column":42}},"114":{"start":{"line":115,"column":0},"end":{"line":115,"column":35}},"116":{"start":{"line":117,"column":0},"end":{"line":117,"column":19}},"117":{"start":{"line":118,"column":0},"end":{"line":118,"column":108}},"118":{"start":{"line":119,"column":0},"end":{"line":119,"column":55}},"119":{"start":{"line":120,"column":0},"end":{"line":120,"column":55}},"120":{"start":{"line":121,"column":0},"end":{"line":121,"column":16}},"122":{"start":{"line":123,"column":0},"end":{"line":123,"column":108}},"123":{"start":{"line":124,"column":0},"end":{"line":124,"column":91}},"124":{"start":{"line":125,"column":0},"end":{"line":125,"column":16}},"126":{"start":{"line":127,"column":0},"end":{"line":127,"column":15}},"129":{"start":{"line":130,"column":0},"end":{"line":130,"column":18}},"130":{"start":{"line":131,"column":0},"end":{"line":131,"column":40}},"131":{"start":{"line":132,"column":0},"end":{"line":132,"column":42}},"132":{"start":{"line":133,"column":0},"end":{"line":133,"column":52}},"133":{"start":{"line":134,"column":0},"end":{"line":134,"column":54}},"134":{"start":{"line":135,"column":0},"end":{"line":135,"column":19}},"135":{"start":{"line":136,"column":0},"end":{"line":136,"column":38}},"136":{"start":{"line":137,"column":0},"end":{"line":137,"column":64}},"137":{"start":{"line":138,"column":0},"end":{"line":138,"column":20}},"138":{"start":{"line":139,"column":0},"end":{"line":139,"column":18}},"139":{"start":{"line":140,"column":0},"end":{"line":140,"column":20}},"140":{"start":{"line":141,"column":0},"end":{"line":141,"column":39}},"141":{"start":{"line":142,"column":0},"end":{"line":142,"column":46}},"142":{"start":{"line":143,"column":0},"end":{"line":143,"column":41}},"143":{"start":{"line":144,"column":0},"end":{"line":144,"column":13}},"145":{"start":{"line":146,"column":0},"end":{"line":146,"column":21}},"146":{"start":{"line":147,"column":0},"end":{"line":147,"column":16}},"148":{"start":{"line":149,"column":0},"end":{"line":149,"column":44}},"149":{"start":{"line":150,"column":0},"end":{"line":150,"column":40}},"150":{"start":{"line":151,"column":0},"end":{"line":151,"column":19}},"151":{"start":{"line":152,"column":0},"end":{"line":152,"column":33}},"152":{"start":{"line":153,"column":0},"end":{"line":153,"column":89}},"154":{"start":{"line":155,"column":0},"end":{"line":155,"column":49}},"155":{"start":{"line":156,"column":0},"end":{"line":156,"column":39}},"156":{"start":{"line":157,"column":0},"end":{"line":157,"column":49}},"157":{"start":{"line":158,"column":0},"end":{"line":158,"column":69}},"158":{"start":{"line":159,"column":0},"end":{"line":159,"column":39}},"159":{"start":{"line":160,"column":0},"end":{"line":160,"column":40}},"160":{"start":{"line":161,"column":0},"end":{"line":161,"column":23}},"161":{"start":{"line":162,"column":0},"end":{"line":162,"column":25}},"162":{"start":{"line":163,"column":0},"end":{"line":163,"column":22}},"163":{"start":{"line":164,"column":0},"end":{"line":164,"column":20}},"164":{"start":{"line":165,"column":0},"end":{"line":165,"column":15}},"166":{"start":{"line":167,"column":0},"end":{"line":167,"column":27}},"167":{"start":{"line":168,"column":0},"end":{"line":168,"column":51}},"168":{"start":{"line":169,"column":0},"end":{"line":169,"column":49}},"169":{"start":{"line":170,"column":0},"end":{"line":170,"column":52}},"170":{"start":{"line":171,"column":0},"end":{"line":171,"column":33}},"171":{"start":{"line":172,"column":0},"end":{"line":172,"column":33}},"172":{"start":{"line":173,"column":0},"end":{"line":173,"column":33}},"173":{"start":{"line":174,"column":0},"end":{"line":174,"column":24}},"174":{"start":{"line":175,"column":0},"end":{"line":175,"column":22}},"175":{"start":{"line":176,"column":0},"end":{"line":176,"column":20}},"178":{"start":{"line":179,"column":0},"end":{"line":179,"column":40}},"179":{"start":{"line":180,"column":0},"end":{"line":180,"column":16}},"181":{"start":{"line":182,"column":0},"end":{"line":182,"column":76}},"182":{"start":{"line":183,"column":0},"end":{"line":183,"column":18}},"183":{"start":{"line":184,"column":0},"end":{"line":184,"column":25}},"184":{"start":{"line":185,"column":0},"end":{"line":185,"column":34}},"185":{"start":{"line":186,"column":0},"end":{"line":186,"column":63}},"186":{"start":{"line":187,"column":0},"end":{"line":187,"column":50}},"187":{"start":{"line":188,"column":0},"end":{"line":188,"column":39}},"188":{"start":{"line":189,"column":0},"end":{"line":189,"column":34}},"189":{"start":{"line":190,"column":0},"end":{"line":190,"column":23}},"190":{"start":{"line":191,"column":0},"end":{"line":191,"column":14}},"191":{"start":{"line":192,"column":0},"end":{"line":192,"column":20}},"192":{"start":{"line":193,"column":0},"end":{"line":193,"column":28}},"193":{"start":{"line":194,"column":0},"end":{"line":194,"column":38}},"194":{"start":{"line":195,"column":0},"end":{"line":195,"column":58}},"195":{"start":{"line":196,"column":0},"end":{"line":196,"column":41}},"197":{"start":{"line":198,"column":0},"end":{"line":198,"column":112}},"198":{"start":{"line":199,"column":0},"end":{"line":199,"column":60}},"199":{"start":{"line":200,"column":0},"end":{"line":200,"column":70}},"200":{"start":{"line":201,"column":0},"end":{"line":201,"column":20}},"201":{"start":{"line":202,"column":0},"end":{"line":202,"column":21}},"202":{"start":{"line":203,"column":0},"end":{"line":203,"column":17}},"203":{"start":{"line":204,"column":0},"end":{"line":204,"column":14}},"205":{"start":{"line":206,"column":0},"end":{"line":206,"column":7}},"207":{"start":{"line":208,"column":0},"end":{"line":208,"column":2}},"209":{"start":{"line":210,"column":0},"end":{"line":210,"column":23}}},"s":{"0":1,"1":1,"2":1,"3":1,"4":1,"6":1,"7":1,"8":1,"9":1,"10":1,"11":1,"12":1,"13":1,"14":1,"15":1,"16":1,"17":1,"18":1,"19":1,"22":1,"23":1,"24":1,"26":1,"27":1,"28":1,"31":1,"32":1,"33":1,"34":1,"35":1,"36":1,"37":1,"38":1,"39":1,"40":1,"41":6,"42":6,"43":6,"46":6,"47":1,"49":1,"51":1,"52":1,"53":2,"54":2,"55":2,"56":2,"58":2,"59":2,"60":1,"62":1,"63":1,"65":1,"66":1,"67":2,"69":2,"71":2,"72":2,"73":2,"74":2,"75":2,"76":2,"77":2,"78":2,"79":2,"80":2,"82":2,"83":1,"84":1,"85":1,"86":1,"87":0,"89":2,"91":2,"92":2,"94":2,"95":2,"96":2,"97":2,"98":1,"99":1,"100":1,"102":1,"103":1,"104":1,"105":1,"106":1,"108":1,"109":1,"111":1,"112":1,"113":1,"114":1,"116":1,"117":1,"118":1,"119":1,"120":18,"122":18,"123":1,"124":2,"126":2,"129":2,"130":2,"131":2,"132":1,"133":1,"134":1,"135":1,"136":1,"137":1,"138":1,"139":1,"140":1,"141":1,"142":1,"143":1,"145":1,"146":1,"148":1,"149":1,"150":1,"151":1,"152":1,"154":1,"155":1,"156":24,"157":24,"158":24,"159":24,"160":24,"161":24,"162":24,"163":24,"164":24,"166":24,"167":24,"168":24,"169":24,"170":1,"171":2,"172":2,"173":2,"174":2,"175":2,"178":2,"179":2,"181":1,"182":1,"183":1,"184":1,"185":1,"186":1,"187":1,"188":1,"189":1,"190":1,"191":1,"192":1,"193":1,"194":1,"195":1,"197":1,"198":1,"199":1,"200":1,"201":1,"202":1,"203":1,"205":1,"207":1,"209":1},"branchMap":{"0":{"type":"branch","line":119,"loc":{"start":{"line":119,"column":12},"end":{"line":119,"column":13}},"locations":[{"start":{"line":119,"column":12},"end":{"line":119,"column":13}}]},"1":{"type":"branch","line":119,"loc":{"start":{"line":119,"column":12},"end":{"line":119,"column":13}},"locations":[{"start":{"line":119,"column":12},"end":{"line":119,"column":13}}]},"2":{"type":"branch","line":120,"loc":{"start":{"line":120,"column":12},"end":{"line":124,"column":13}},"locations":[{"start":{"line":120,"column":12},"end":{"line":124,"column":13}}]},"3":{"type":"branch","line":124,"loc":{"start":{"line":124,"column":12},"end":{"line":133,"column":17}},"locations":[{"start":{"line":124,"column":12},"end":{"line":133,"column":17}}]},"4":{"type":"branch","line":171,"loc":{"start":{"line":171,"column":20},"end":{"line":182,"column":11}},"locations":[{"start":{"line":171,"column":20},"end":{"line":182,"column":11}}]},"5":{"type":"branch","line":199,"loc":{"start":{"line":199,"column":16},"end":{"line":199,"column":17}},"locations":[{"start":{"line":199,"column":16},"end":{"line":199,"column":17}}]},"6":{"type":"branch","line":41,"loc":{"start":{"line":41,"column":52},"end":{"line":48,"column":6}},"locations":[{"start":{"line":41,"column":52},"end":{"line":48,"column":6}}]},"7":{"type":"branch","line":47,"loc":{"start":{"line":47,"column":2},"end":{"line":47,"column":28}},"locations":[{"start":{"line":47,"column":2},"end":{"line":47,"column":28}}]},"8":{"type":"branch","line":50,"loc":{"start":{"line":50,"column":9},"end":{"line":50,"column":50}},"locations":[{"start":{"line":50,"column":9},"end":{"line":50,"column":50}}]},"9":{"type":"branch","line":53,"loc":{"start":{"line":53,"column":10},"end":{"line":67,"column":70}},"locations":[{"start":{"line":53,"column":10},"end":{"line":67,"column":70}}]},"10":{"type":"branch","line":60,"loc":{"start":{"line":60,"column":20},"end":{"line":67,"column":70}},"locations":[{"start":{"line":60,"column":20},"end":{"line":67,"column":70}}]},"11":{"type":"branch","line":67,"loc":{"start":{"line":67,"column":24},"end":{"line":118,"column":92}},"locations":[{"start":{"line":67,"column":24},"end":{"line":118,"column":92}}]},"12":{"type":"branch","line":70,"loc":{"start":{"line":70,"column":54},"end":{"line":70,"column":78}},"locations":[{"start":{"line":70,"column":54},"end":{"line":70,"column":78}}]},"13":{"type":"branch","line":83,"loc":{"start":{"line":83,"column":12},"end":{"line":87,"column":29}},"locations":[{"start":{"line":83,"column":12},"end":{"line":87,"column":29}}]},"14":{"type":"branch","line":87,"loc":{"start":{"line":87,"column":28},"end":{"line":90,"column":18}},"locations":[{"start":{"line":87,"column":28},"end":{"line":90,"column":18}}]},"15":{"type":"branch","line":98,"loc":{"start":{"line":98,"column":16},"end":{"line":118,"column":58}},"locations":[{"start":{"line":98,"column":16},"end":{"line":118,"column":58}}]},"16":{"type":"branch","line":75,"loc":{"start":{"line":75,"column":8},"end":{"line":77,"column":29}},"locations":[{"start":{"line":75,"column":8},"end":{"line":77,"column":29}}]},"17":{"type":"branch","line":110,"loc":{"start":{"line":110,"column":4},"end":{"line":110,"column":6}},"locations":[{"start":{"line":110,"column":4},"end":{"line":110,"column":6}}]},"18":{"type":"branch","line":118,"loc":{"start":{"line":118,"column":11},"end":{"line":118,"column":46}},"locations":[{"start":{"line":118,"column":11},"end":{"line":118,"column":46}}]},"19":{"type":"branch","line":119,"loc":{"start":{"line":119,"column":12},"end":{"line":119,"column":13}},"locations":[{"start":{"line":119,"column":12},"end":{"line":119,"column":13}}]},"20":{"type":"branch","line":156,"loc":{"start":{"line":156,"column":18},"end":{"line":171,"column":21}},"locations":[{"start":{"line":156,"column":18},"end":{"line":171,"column":21}}]},"21":{"type":"branch","line":157,"loc":{"start":{"line":157,"column":18},"end":{"line":157,"column":19}},"locations":[{"start":{"line":157,"column":18},"end":{"line":157,"column":19}}]},"22":{"type":"branch","line":157,"loc":{"start":{"line":157,"column":18},"end":{"line":157,"column":24}},"locations":[{"start":{"line":157,"column":18},"end":{"line":157,"column":24}}]},"23":{"type":"branch","line":192,"loc":{"start":{"line":192,"column":12},"end":{"line":192,"column":20}},"locations":[{"start":{"line":192,"column":12},"end":{"line":192,"column":20}}]}},"b":{"0":[18],"1":[2],"2":[18],"3":[2],"4":[2],"5":[16],"6":[6],"7":[4],"8":[6],"9":[2],"10":[1],"11":[2],"12":[0],"13":[1],"14":[0],"15":[1],"16":[2],"17":[1],"18":[1],"19":[2],"20":[24],"21":[1],"22":[23],"23":[12]},"fnMap":{"0":{"name":"scrollToBottom","decl":{"start":{"line":41,"column":52},"end":{"line":48,"column":6}},"loc":{"start":{"line":41,"column":52},"end":{"line":48,"column":6}},"line":41},"1":{"name":"getAccessToken","decl":{"start":{"line":53,"column":10},"end":{"line":67,"column":70}},"loc":{"start":{"line":53,"column":10},"end":{"line":67,"column":70}},"line":53},"2":{"name":"handleSendMessage","decl":{"start":{"line":67,"column":24},"end":{"line":118,"column":92}},"loc":{"start":{"line":67,"column":24},"end":{"line":118,"column":92}},"line":67},"3":{"name":"onClick","decl":{"start":{"line":119,"column":12},"end":{"line":119,"column":13}},"loc":{"start":{"line":119,"column":12},"end":{"line":119,"column":13}},"line":119},"4":{"name":"onClick","decl":{"start":{"line":132,"column":10},"end":{"line":132,"column":11}},"loc":{"start":{"line":132,"column":10},"end":{"line":132,"column":11}},"line":132},"5":{"name":"onChange","decl":{"start":{"line":192,"column":12},"end":{"line":192,"column":20}},"loc":{"start":{"line":192,"column":12},"end":{"line":192,"column":20}},"line":192}},"f":{"0":6,"1":2,"2":2,"3":2,"4":0,"5":12}}
,"c:\\Users\\juanf\\Documents\\U\\ARSW\\F4U\\f4u-frontend\\src\\components\\ExtrasSelector.jsx": {"path":"c:\\Users\\juanf\\Documents\\U\\ARSW\\F4U\\f4u-frontend\\src\\components\\ExtrasSelector.jsx","all":false,"statementMap":{"0":{"start":{"line":1,"column":0},"end":{"line":1,"column":51}},"3":{"start":{"line":4,"column":0},"end":{"line":4,"column":24}},"4":{"start":{"line":5,"column":0},"end":{"line":5,"column":22}},"5":{"start":{"line":6,"column":0},"end":{"line":6,"column":22}},"6":{"start":{"line":7,"column":0},"end":{"line":7,"column":18}},"7":{"start":{"line":8,"column":0},"end":{"line":8,"column":19}},"8":{"start":{"line":9,"column":0},"end":{"line":9,"column":27}},"9":{"start":{"line":10,"column":0},"end":{"line":10,"column":2}},"12":{"start":{"line":13,"column":0},"end":{"line":13,"column":32}},"13":{"start":{"line":14,"column":0},"end":{"line":14,"column":100}},"14":{"start":{"line":15,"column":0},"end":{"line":15,"column":54}},"15":{"start":{"line":16,"column":0},"end":{"line":16,"column":55}},"16":{"start":{"line":17,"column":0},"end":{"line":17,"column":44}},"17":{"start":{"line":18,"column":0},"end":{"line":18,"column":8}},"20":{"start":{"line":21,"column":0},"end":{"line":21,"column":32}},"21":{"start":{"line":22,"column":0},"end":{"line":22,"column":100}},"22":{"start":{"line":23,"column":0},"end":{"line":23,"column":54}},"23":{"start":{"line":24,"column":0},"end":{"line":24,"column":59}},"24":{"start":{"line":25,"column":0},"end":{"line":25,"column":55}},"25":{"start":{"line":26,"column":0},"end":{"line":26,"column":56}},"26":{"start":{"line":27,"column":0},"end":{"line":27,"column":8}},"29":{"start":{"line":30,"column":0},"end":{"line":30,"column":37}},"30":{"start":{"line":31,"column":0},"end":{"line":31,"column":100}},"31":{"start":{"line":32,"column":0},"end":{"line":32,"column":60}},"32":{"start":{"line":33,"column":0},"end":{"line":33,"column":16}},"33":{"start":{"line":34,"column":0},"end":{"line":34,"column":77}},"35":{"start":{"line":36,"column":0},"end":{"line":36,"column":56}},"37":{"start":{"line":38,"column":0},"end":{"line":38,"column":8}},"40":{"start":{"line":41,"column":0},"end":{"line":41,"column":30}},"41":{"start":{"line":42,"column":0},"end":{"line":42,"column":100}},"42":{"start":{"line":43,"column":0},"end":{"line":43,"column":35}},"43":{"start":{"line":44,"column":0},"end":{"line":44,"column":38}},"44":{"start":{"line":45,"column":0},"end":{"line":45,"column":55}},"45":{"start":{"line":46,"column":0},"end":{"line":46,"column":8}},"48":{"start":{"line":49,"column":0},"end":{"line":49,"column":25}},"49":{"start":{"line":50,"column":0},"end":{"line":50,"column":100}},"50":{"start":{"line":51,"column":0},"end":{"line":51,"column":85}},"51":{"start":{"line":52,"column":0},"end":{"line":52,"column":8}},"54":{"start":{"line":55,"column":0},"end":{"line":55,"column":74}},"55":{"start":{"line":56,"column":0},"end":{"line":56,"column":40}},"56":{"start":{"line":57,"column":0},"end":{"line":57,"column":24}},"57":{"start":{"line":58,"column":0},"end":{"line":58,"column":24}},"58":{"start":{"line":59,"column":0},"end":{"line":59,"column":20}},"59":{"start":{"line":60,"column":0},"end":{"line":60,"column":21}},"60":{"start":{"line":61,"column":0},"end":{"line":61,"column":29}},"61":{"start":{"line":62,"column":0},"end":{"line":62,"column":5}},"63":{"start":{"line":64,"column":0},"end":{"line":64,"column":56}},"64":{"start":{"line":65,"column":0},"end":{"line":65,"column":24}},"65":{"start":{"line":66,"column":0},"end":{"line":66,"column":24}},"66":{"start":{"line":67,"column":0},"end":{"line":67,"column":20}},"67":{"start":{"line":68,"column":0},"end":{"line":68,"column":21}},"68":{"start":{"line":69,"column":0},"end":{"line":69,"column":29}},"69":{"start":{"line":70,"column":0},"end":{"line":70,"column":5}},"72":{"start":{"line":73,"column":0},"end":{"line":73,"column":19}},"73":{"start":{"line":74,"column":0},"end":{"line":74,"column":30}},"75":{"start":{"line":76,"column":0},"end":{"line":76,"column":63}},"77":{"start":{"line":78,"column":0},"end":{"line":78,"column":68}},"79":{"start":{"line":80,"column":0},"end":{"line":80,"column":27}},"80":{"start":{"line":81,"column":0},"end":{"line":81,"column":27}},"81":{"start":{"line":82,"column":0},"end":{"line":82,"column":27}},"82":{"start":{"line":83,"column":0},"end":{"line":83,"column":23}},"83":{"start":{"line":84,"column":0},"end":{"line":84,"column":24}},"84":{"start":{"line":85,"column":0},"end":{"line":85,"column":32}},"85":{"start":{"line":86,"column":0},"end":{"line":86,"column":8}},"86":{"start":{"line":87,"column":0},"end":{"line":87,"column":37}},"87":{"start":{"line":88,"column":0},"end":{"line":88,"column":29}},"88":{"start":{"line":89,"column":0},"end":{"line":89,"column":43}},"90":{"start":{"line":91,"column":0},"end":{"line":91,"column":33}},"91":{"start":{"line":92,"column":0},"end":{"line":92,"column":28}},"92":{"start":{"line":93,"column":0},"end":{"line":93,"column":27}},"93":{"start":{"line":94,"column":0},"end":{"line":94,"column":24}},"94":{"start":{"line":95,"column":0},"end":{"line":95,"column":25}},"95":{"start":{"line":96,"column":0},"end":{"line":96,"column":33}},"96":{"start":{"line":97,"column":0},"end":{"line":97,"column":8}},"97":{"start":{"line":98,"column":0},"end":{"line":98,"column":43}},"98":{"start":{"line":99,"column":0},"end":{"line":99,"column":35}},"99":{"start":{"line":100,"column":0},"end":{"line":100,"column":12}},"101":{"start":{"line":102,"column":0},"end":{"line":102,"column":26}},"102":{"start":{"line":103,"column":0},"end":{"line":103,"column":28}},"103":{"start":{"line":104,"column":0},"end":{"line":104,"column":28}},"104":{"start":{"line":105,"column":0},"end":{"line":105,"column":24}},"105":{"start":{"line":106,"column":0},"end":{"line":106,"column":25}},"106":{"start":{"line":107,"column":0},"end":{"line":107,"column":33}},"107":{"start":{"line":108,"column":0},"end":{"line":108,"column":8}},"108":{"start":{"line":109,"column":0},"end":{"line":109,"column":36}},"109":{"start":{"line":110,"column":0},"end":{"line":110,"column":28}},"110":{"start":{"line":111,"column":0},"end":{"line":111,"column":5}},"111":{"start":{"line":112,"column":0},"end":{"line":112,"column":21}},"114":{"start":{"line":115,"column":0},"end":{"line":115,"column":19}},"115":{"start":{"line":116,"column":0},"end":{"line":116,"column":25}},"116":{"start":{"line":117,"column":0},"end":{"line":117,"column":29}},"117":{"start":{"line":118,"column":0},"end":{"line":118,"column":5}},"118":{"start":{"line":119,"column":0},"end":{"line":119,"column":31}},"120":{"start":{"line":121,"column":0},"end":{"line":121,"column":43}},"122":{"start":{"line":123,"column":0},"end":{"line":123,"column":35}},"123":{"start":{"line":124,"column":0},"end":{"line":124,"column":13}},"124":{"start":{"line":125,"column":0},"end":{"line":125,"column":5}},"127":{"start":{"line":128,"column":0},"end":{"line":128,"column":54}},"128":{"start":{"line":129,"column":0},"end":{"line":129,"column":80}},"129":{"start":{"line":130,"column":0},"end":{"line":130,"column":61}},"130":{"start":{"line":131,"column":0},"end":{"line":131,"column":79}},"131":{"start":{"line":132,"column":0},"end":{"line":132,"column":12}},"132":{"start":{"line":133,"column":0},"end":{"line":133,"column":62}},"133":{"start":{"line":134,"column":0},"end":{"line":134,"column":5}},"134":{"start":{"line":135,"column":0},"end":{"line":135,"column":4}},"136":{"start":{"line":137,"column":0},"end":{"line":137,"column":31}},"137":{"start":{"line":138,"column":0},"end":{"line":138,"column":18}},"138":{"start":{"line":139,"column":0},"end":{"line":139,"column":40}},"140":{"start":{"line":141,"column":0},"end":{"line":141,"column":48}},"141":{"start":{"line":142,"column":0},"end":{"line":142,"column":37}},"142":{"start":{"line":143,"column":0},"end":{"line":143,"column":7}},"143":{"start":{"line":144,"column":0},"end":{"line":144,"column":7}},"144":{"start":{"line":145,"column":0},"end":{"line":145,"column":17}},"145":{"start":{"line":146,"column":0},"end":{"line":146,"column":4}},"147":{"start":{"line":148,"column":0},"end":{"line":148,"column":38}},"148":{"start":{"line":149,"column":0},"end":{"line":149,"column":43}},"149":{"start":{"line":150,"column":0},"end":{"line":150,"column":24}},"150":{"start":{"line":151,"column":0},"end":{"line":151,"column":22}},"151":{"start":{"line":152,"column":0},"end":{"line":152,"column":30}},"152":{"start":{"line":153,"column":0},"end":{"line":153,"column":22}},"153":{"start":{"line":154,"column":0},"end":{"line":154,"column":4}},"155":{"start":{"line":156,"column":0},"end":{"line":156,"column":34}},"156":{"start":{"line":157,"column":0},"end":{"line":157,"column":42}},"157":{"start":{"line":158,"column":0},"end":{"line":158,"column":63}},"158":{"start":{"line":159,"column":0},"end":{"line":159,"column":90}},"159":{"start":{"line":160,"column":0},"end":{"line":160,"column":54}},"160":{"start":{"line":161,"column":0},"end":{"line":161,"column":23}},"161":{"start":{"line":162,"column":0},"end":{"line":162,"column":4}},"163":{"start":{"line":164,"column":0},"end":{"line":164,"column":90}},"164":{"start":{"line":165,"column":0},"end":{"line":165,"column":116}},"166":{"start":{"line":167,"column":0},"end":{"line":167,"column":10}},"167":{"start":{"line":168,"column":0},"end":{"line":168,"column":37}},"169":{"start":{"line":170,"column":0},"end":{"line":170,"column":37}},"170":{"start":{"line":171,"column":0},"end":{"line":171,"column":68}},"171":{"start":{"line":172,"column":0},"end":{"line":172,"column":39}},"172":{"start":{"line":173,"column":0},"end":{"line":173,"column":96}},"173":{"start":{"line":174,"column":0},"end":{"line":174,"column":12}},"174":{"start":{"line":175,"column":0},"end":{"line":175,"column":12}},"177":{"start":{"line":178,"column":0},"end":{"line":178,"column":29}},"178":{"start":{"line":179,"column":0},"end":{"line":179,"column":48}},"179":{"start":{"line":180,"column":0},"end":{"line":180,"column":49}},"180":{"start":{"line":181,"column":0},"end":{"line":181,"column":72}},"181":{"start":{"line":182,"column":0},"end":{"line":182,"column":80}},"182":{"start":{"line":183,"column":0},"end":{"line":183,"column":122}},"183":{"start":{"line":184,"column":0},"end":{"line":184,"column":18}},"184":{"start":{"line":185,"column":0},"end":{"line":185,"column":16}},"185":{"start":{"line":186,"column":0},"end":{"line":186,"column":44}},"186":{"start":{"line":187,"column":0},"end":{"line":187,"column":91}},"187":{"start":{"line":188,"column":0},"end":{"line":188,"column":43}},"188":{"start":{"line":189,"column":0},"end":{"line":189,"column":102}},"189":{"start":{"line":190,"column":0},"end":{"line":190,"column":102}},"190":{"start":{"line":191,"column":0},"end":{"line":191,"column":97}},"191":{"start":{"line":192,"column":0},"end":{"line":192,"column":102}},"192":{"start":{"line":193,"column":0},"end":{"line":193,"column":111}},"193":{"start":{"line":194,"column":0},"end":{"line":194,"column":18}},"194":{"start":{"line":195,"column":0},"end":{"line":195,"column":16}},"195":{"start":{"line":196,"column":0},"end":{"line":196,"column":14}},"199":{"start":{"line":200,"column":0},"end":{"line":200,"column":35}},"201":{"start":{"line":202,"column":0},"end":{"line":202,"column":13}},"202":{"start":{"line":203,"column":0},"end":{"line":203,"column":124}},"203":{"start":{"line":204,"column":0},"end":{"line":204,"column":59}},"205":{"start":{"line":206,"column":0},"end":{"line":206,"column":38}},"206":{"start":{"line":207,"column":0},"end":{"line":207,"column":32}},"207":{"start":{"line":208,"column":0},"end":{"line":208,"column":16}},"208":{"start":{"line":209,"column":0},"end":{"line":209,"column":41}},"209":{"start":{"line":210,"column":0},"end":{"line":210,"column":60}},"210":{"start":{"line":211,"column":0},"end":{"line":211,"column":71}},"211":{"start":{"line":212,"column":0},"end":{"line":212,"column":41}},"212":{"start":{"line":213,"column":0},"end":{"line":213,"column":46}},"213":{"start":{"line":214,"column":0},"end":{"line":214,"column":64}},"215":{"start":{"line":216,"column":0},"end":{"line":216,"column":98}},"217":{"start":{"line":218,"column":0},"end":{"line":218,"column":18}},"218":{"start":{"line":219,"column":0},"end":{"line":219,"column":16}},"219":{"start":{"line":220,"column":0},"end":{"line":220,"column":44}},"220":{"start":{"line":221,"column":0},"end":{"line":221,"column":44}},"221":{"start":{"line":222,"column":0},"end":{"line":222,"column":21}},"222":{"start":{"line":223,"column":0},"end":{"line":223,"column":32}},"223":{"start":{"line":224,"column":0},"end":{"line":224,"column":46}},"224":{"start":{"line":225,"column":0},"end":{"line":225,"column":35}},"225":{"start":{"line":226,"column":0},"end":{"line":226,"column":52}},"226":{"start":{"line":227,"column":0},"end":{"line":227,"column":16}},"227":{"start":{"line":228,"column":0},"end":{"line":228,"column":18}},"229":{"start":{"line":230,"column":0},"end":{"line":230,"column":43}},"230":{"start":{"line":231,"column":0},"end":{"line":231,"column":44}},"231":{"start":{"line":232,"column":0},"end":{"line":232,"column":27}},"232":{"start":{"line":233,"column":0},"end":{"line":233,"column":18}},"234":{"start":{"line":235,"column":0},"end":{"line":235,"column":14}},"237":{"start":{"line":238,"column":0},"end":{"line":238,"column":13}},"238":{"start":{"line":239,"column":0},"end":{"line":239,"column":124}},"239":{"start":{"line":240,"column":0},"end":{"line":240,"column":59}},"241":{"start":{"line":242,"column":0},"end":{"line":242,"column":38}},"242":{"start":{"line":243,"column":0},"end":{"line":243,"column":32}},"243":{"start":{"line":244,"column":0},"end":{"line":244,"column":16}},"244":{"start":{"line":245,"column":0},"end":{"line":245,"column":41}},"245":{"start":{"line":246,"column":0},"end":{"line":246,"column":60}},"246":{"start":{"line":247,"column":0},"end":{"line":247,"column":71}},"247":{"start":{"line":248,"column":0},"end":{"line":248,"column":41}},"248":{"start":{"line":249,"column":0},"end":{"line":249,"column":46}},"249":{"start":{"line":250,"column":0},"end":{"line":250,"column":64}},"251":{"start":{"line":252,"column":0},"end":{"line":252,"column":98}},"253":{"start":{"line":254,"column":0},"end":{"line":254,"column":18}},"254":{"start":{"line":255,"column":0},"end":{"line":255,"column":16}},"255":{"start":{"line":256,"column":0},"end":{"line":256,"column":44}},"256":{"start":{"line":257,"column":0},"end":{"line":257,"column":44}},"257":{"start":{"line":258,"column":0},"end":{"line":258,"column":21}},"258":{"start":{"line":259,"column":0},"end":{"line":259,"column":32}},"259":{"start":{"line":260,"column":0},"end":{"line":260,"column":46}},"260":{"start":{"line":261,"column":0},"end":{"line":261,"column":35}},"261":{"start":{"line":262,"column":0},"end":{"line":262,"column":52}},"262":{"start":{"line":263,"column":0},"end":{"line":263,"column":16}},"263":{"start":{"line":264,"column":0},"end":{"line":264,"column":18}},"265":{"start":{"line":266,"column":0},"end":{"line":266,"column":43}},"266":{"start":{"line":267,"column":0},"end":{"line":267,"column":44}},"267":{"start":{"line":268,"column":0},"end":{"line":268,"column":27}},"268":{"start":{"line":269,"column":0},"end":{"line":269,"column":18}},"270":{"start":{"line":271,"column":0},"end":{"line":271,"column":14}},"273":{"start":{"line":274,"column":0},"end":{"line":274,"column":13}},"274":{"start":{"line":275,"column":0},"end":{"line":275,"column":116}},"275":{"start":{"line":276,"column":0},"end":{"line":276,"column":55}},"277":{"start":{"line":278,"column":0},"end":{"line":278,"column":38}},"278":{"start":{"line":279,"column":0},"end":{"line":279,"column":42}},"279":{"start":{"line":280,"column":0},"end":{"line":280,"column":16}},"280":{"start":{"line":281,"column":0},"end":{"line":281,"column":41}},"281":{"start":{"line":282,"column":0},"end":{"line":282,"column":59}},"282":{"start":{"line":283,"column":0},"end":{"line":283,"column":76}},"283":{"start":{"line":284,"column":0},"end":{"line":284,"column":41}},"284":{"start":{"line":285,"column":0},"end":{"line":285,"column":42}},"285":{"start":{"line":286,"column":0},"end":{"line":286,"column":64}},"287":{"start":{"line":288,"column":0},"end":{"line":288,"column":94}},"289":{"start":{"line":290,"column":0},"end":{"line":290,"column":18}},"290":{"start":{"line":291,"column":0},"end":{"line":291,"column":16}},"291":{"start":{"line":292,"column":0},"end":{"line":292,"column":40}},"292":{"start":{"line":293,"column":0},"end":{"line":293,"column":44}},"293":{"start":{"line":294,"column":0},"end":{"line":294,"column":21}},"294":{"start":{"line":295,"column":0},"end":{"line":295,"column":32}},"295":{"start":{"line":296,"column":0},"end":{"line":296,"column":42}},"296":{"start":{"line":297,"column":0},"end":{"line":297,"column":35}},"297":{"start":{"line":298,"column":0},"end":{"line":298,"column":52}},"298":{"start":{"line":299,"column":0},"end":{"line":299,"column":16}},"299":{"start":{"line":300,"column":0},"end":{"line":300,"column":18}},"301":{"start":{"line":302,"column":0},"end":{"line":302,"column":39}},"302":{"start":{"line":303,"column":0},"end":{"line":303,"column":44}},"303":{"start":{"line":304,"column":0},"end":{"line":304,"column":27}},"304":{"start":{"line":305,"column":0},"end":{"line":305,"column":18}},"306":{"start":{"line":307,"column":0},"end":{"line":307,"column":14}},"309":{"start":{"line":310,"column":0},"end":{"line":310,"column":13}},"310":{"start":{"line":311,"column":0},"end":{"line":311,"column":118}},"311":{"start":{"line":312,"column":0},"end":{"line":312,"column":56}},"313":{"start":{"line":314,"column":0},"end":{"line":314,"column":38}},"314":{"start":{"line":315,"column":0},"end":{"line":315,"column":41}},"315":{"start":{"line":316,"column":0},"end":{"line":316,"column":16}},"316":{"start":{"line":317,"column":0},"end":{"line":317,"column":41}},"317":{"start":{"line":318,"column":0},"end":{"line":318,"column":63}},"318":{"start":{"line":319,"column":0},"end":{"line":319,"column":79}},"319":{"start":{"line":320,"column":0},"end":{"line":320,"column":41}},"320":{"start":{"line":321,"column":0},"end":{"line":321,"column":43}},"321":{"start":{"line":322,"column":0},"end":{"line":322,"column":64}},"323":{"start":{"line":324,"column":0},"end":{"line":324,"column":95}},"325":{"start":{"line":326,"column":0},"end":{"line":326,"column":18}},"326":{"start":{"line":327,"column":0},"end":{"line":327,"column":16}},"327":{"start":{"line":328,"column":0},"end":{"line":328,"column":41}},"328":{"start":{"line":329,"column":0},"end":{"line":329,"column":44}},"329":{"start":{"line":330,"column":0},"end":{"line":330,"column":21}},"330":{"start":{"line":331,"column":0},"end":{"line":331,"column":32}},"331":{"start":{"line":332,"column":0},"end":{"line":332,"column":43}},"332":{"start":{"line":333,"column":0},"end":{"line":333,"column":35}},"333":{"start":{"line":334,"column":0},"end":{"line":334,"column":52}},"334":{"start":{"line":335,"column":0},"end":{"line":335,"column":16}},"335":{"start":{"line":336,"column":0},"end":{"line":336,"column":18}},"337":{"start":{"line":338,"column":0},"end":{"line":338,"column":40}},"338":{"start":{"line":339,"column":0},"end":{"line":339,"column":44}},"339":{"start":{"line":340,"column":0},"end":{"line":340,"column":27}},"340":{"start":{"line":341,"column":0},"end":{"line":341,"column":18}},"342":{"start":{"line":343,"column":0},"end":{"line":343,"column":14}},"345":{"start":{"line":346,"column":0},"end":{"line":346,"column":13}},"346":{"start":{"line":347,"column":0},"end":{"line":347,"column":136}},"347":{"start":{"line":348,"column":0},"end":{"line":348,"column":65}},"349":{"start":{"line":350,"column":0},"end":{"line":350,"column":38}},"350":{"start":{"line":351,"column":0},"end":{"line":351,"column":30}},"351":{"start":{"line":352,"column":0},"end":{"line":352,"column":16}},"352":{"start":{"line":353,"column":0},"end":{"line":353,"column":41}},"353":{"start":{"line":354,"column":0},"end":{"line":354,"column":63}},"354":{"start":{"line":355,"column":0},"end":{"line":355,"column":87}},"355":{"start":{"line":356,"column":0},"end":{"line":356,"column":41}},"356":{"start":{"line":357,"column":0},"end":{"line":357,"column":52}},"357":{"start":{"line":358,"column":0},"end":{"line":358,"column":64}},"359":{"start":{"line":360,"column":0},"end":{"line":360,"column":104}},"361":{"start":{"line":362,"column":0},"end":{"line":362,"column":18}},"362":{"start":{"line":363,"column":0},"end":{"line":363,"column":16}},"363":{"start":{"line":364,"column":0},"end":{"line":364,"column":50}},"364":{"start":{"line":365,"column":0},"end":{"line":365,"column":44}},"365":{"start":{"line":366,"column":0},"end":{"line":366,"column":21}},"366":{"start":{"line":367,"column":0},"end":{"line":367,"column":32}},"367":{"start":{"line":368,"column":0},"end":{"line":368,"column":52}},"368":{"start":{"line":369,"column":0},"end":{"line":369,"column":35}},"369":{"start":{"line":370,"column":0},"end":{"line":370,"column":52}},"370":{"start":{"line":371,"column":0},"end":{"line":371,"column":16}},"371":{"start":{"line":372,"column":0},"end":{"line":372,"column":18}},"373":{"start":{"line":374,"column":0},"end":{"line":374,"column":49}},"374":{"start":{"line":375,"column":0},"end":{"line":375,"column":44}},"375":{"start":{"line":376,"column":0},"end":{"line":376,"column":27}},"376":{"start":{"line":377,"column":0},"end":{"line":377,"column":18}},"378":{"start":{"line":379,"column":0},"end":{"line":379,"column":14}},"379":{"start":{"line":380,"column":0},"end":{"line":380,"column":12}},"382":{"start":{"line":383,"column":0},"end":{"line":383,"column":38}},"383":{"start":{"line":384,"column":0},"end":{"line":384,"column":41}},"384":{"start":{"line":385,"column":0},"end":{"line":385,"column":39}},"385":{"start":{"line":386,"column":0},"end":{"line":386,"column":69}},"386":{"start":{"line":387,"column":0},"end":{"line":387,"column":84}},"387":{"start":{"line":388,"column":0},"end":{"line":388,"column":16}},"388":{"start":{"line":389,"column":0},"end":{"line":389,"column":14}},"389":{"start":{"line":390,"column":0},"end":{"line":390,"column":12}},"392":{"start":{"line":393,"column":0},"end":{"line":393,"column":35}},"393":{"start":{"line":394,"column":0},"end":{"line":394,"column":106}},"394":{"start":{"line":395,"column":0},"end":{"line":395,"column":42}},"395":{"start":{"line":396,"column":0},"end":{"line":396,"column":49}},"396":{"start":{"line":397,"column":0},"end":{"line":397,"column":50}},"397":{"start":{"line":398,"column":0},"end":{"line":398,"column":14}},"398":{"start":{"line":399,"column":0},"end":{"line":399,"column":97}},"399":{"start":{"line":400,"column":0},"end":{"line":400,"column":12}},"400":{"start":{"line":401,"column":0},"end":{"line":401,"column":10}},"402":{"start":{"line":403,"column":0},"end":{"line":403,"column":1}}},"s":{"0":1,"3":1,"4":1,"5":1,"6":1,"7":1,"8":1,"9":1,"12":1,"13":1,"14":1,"15":6,"16":6,"17":6,"20":6,"21":6,"22":1,"23":6,"24":6,"25":6,"26":6,"29":6,"30":6,"31":6,"32":6,"33":6,"35":6,"37":6,"40":6,"41":12,"42":1,"43":6,"44":6,"45":6,"48":6,"49":6,"50":1,"51":5,"54":5,"55":5,"56":5,"57":5,"58":5,"59":5,"60":5,"61":5,"63":1,"64":1,"65":1,"66":1,"67":1,"68":1,"69":1,"72":1,"73":1,"75":1,"77":1,"79":1,"80":1,"81":1,"82":1,"83":1,"84":1,"85":2,"86":2,"87":2,"88":2,"90":2,"91":2,"92":1,"93":1,"94":1,"95":1,"96":1,"97":1,"98":1,"99":1,"101":1,"102":1,"103":0,"104":0,"105":0,"106":0,"107":0,"108":0,"109":0,"110":0,"111":0,"114":0,"115":1,"116":1,"117":1,"118":1,"120":1,"122":1,"123":1,"124":1,"127":1,"128":1,"129":6,"130":1,"131":2,"132":2,"133":2,"134":2,"136":2,"137":0,"138":0,"140":2,"141":2,"142":1,"143":1,"144":1,"145":1,"147":1,"148":1,"149":1,"150":1,"151":6,"152":6,"153":6,"155":6,"156":30,"157":6,"158":1,"159":31,"160":31,"161":31,"163":1,"164":6,"166":6,"167":6,"169":1,"170":1,"171":1,"172":1,"173":1,"174":1,"177":1,"178":1,"179":1,"180":1,"181":1,"182":1,"183":1,"184":1,"185":1,"186":1,"187":1,"188":1,"189":1,"190":1,"191":1,"192":1,"193":1,"194":1,"195":1,"199":1,"201":1,"202":1,"203":1,"205":1,"206":1,"207":1,"208":1,"209":1,"210":1,"211":1,"212":1,"213":1,"215":1,"217":1,"218":1,"219":1,"220":1,"221":1,"222":1,"223":1,"224":1,"225":1,"226":5,"227":5,"229":5,"230":5,"231":1,"232":1,"234":1,"237":1,"238":1,"239":1,"241":1,"242":1,"243":1,"244":1,"245":1,"246":1,"247":1,"248":1,"249":1,"251":1,"253":1,"254":1,"255":1,"256":1,"257":1,"258":1,"259":1,"260":1,"261":1,"262":5,"263":5,"265":5,"266":5,"267":1,"268":1,"270":1,"273":1,"274":1,"275":1,"277":1,"278":1,"279":1,"280":1,"281":1,"282":1,"283":1,"284":1,"285":1,"287":1,"289":1,"290":1,"291":1,"292":1,"293":1,"294":1,"295":1,"296":1,"297":1,"298":5,"299":5,"301":5,"302":5,"303":1,"304":1,"306":1,"309":1,"310":1,"311":1,"313":1,"314":1,"315":1,"316":1,"317":1,"318":1,"319":1,"320":1,"321":1,"323":1,"325":1,"326":1,"327":1,"328":1,"329":1,"330":1,"331":1,"332":1,"333":1,"334":5,"335":5,"337":5,"338":5,"339":1,"340":1,"342":1,"345":1,"346":1,"347":1,"349":1,"350":1,"351":1,"352":1,"353":1,"354":1,"355":1,"356":1,"357":1,"359":1,"361":1,"362":1,"363":1,"364":1,"365":1,"366":1,"367":1,"368":1,"369":5,"370":5,"371":5,"373":5,"374":5,"375":1,"376":1,"378":1,"379":1,"382":1,"383":1,"384":1,"385":1,"386":1,"387":1,"388":1,"389":1,"392":1,"393":1,"394":1,"395":1,"396":1,"397":1,"398":1,"399":1,"400":1,"402":1},"branchMap":{"0":{"type":"branch","line":15,"loc":{"start":{"line":15,"column":4},"end":{"line":23,"column":5}},"locations":[{"start":{"line":15,"column":4},"end":{"line":23,"column":5}}]},"1":{"type":"branch","line":23,"loc":{"start":{"line":23,"column":4},"end":{"line":32,"column":5}},"locations":[{"start":{"line":23,"column":4},"end":{"line":32,"column":5}}]},"2":{"type":"branch","line":32,"loc":{"start":{"line":32,"column":4},"end":{"line":43,"column":5}},"locations":[{"start":{"line":32,"column":4},"end":{"line":43,"column":5}}]},"3":{"type":"branch","line":31,"loc":{"start":{"line":31,"column":2},"end":{"line":42,"column":84}},"locations":[{"start":{"line":31,"column":2},"end":{"line":42,"column":84}}]},"4":{"type":"branch","line":43,"loc":{"start":{"line":43,"column":4},"end":{"line":51,"column":83}},"locations":[{"start":{"line":43,"column":4},"end":{"line":51,"column":83}}]},"5":{"type":"branch","line":51,"loc":{"start":{"line":51,"column":4},"end":{"line":64,"column":55}},"locations":[{"start":{"line":51,"column":4},"end":{"line":64,"column":55}}]},"6":{"type":"branch","line":171,"loc":{"start":{"line":171,"column":8},"end":{"line":171,"column":9}},"locations":[{"start":{"line":171,"column":8},"end":{"line":171,"column":9}}]},"7":{"type":"branch","line":171,"loc":{"start":{"line":171,"column":8},"end":{"line":171,"column":22}},"locations":[{"start":{"line":171,"column":8},"end":{"line":171,"column":22}}]},"8":{"type":"branch","line":171,"loc":{"start":{"line":171,"column":12},"end":{"line":171,"column":63}},"locations":[{"start":{"line":171,"column":12},"end":{"line":171,"column":63}}]},"9":{"type":"branch","line":171,"loc":{"start":{"line":171,"column":37},"end":{"line":171,"column":63}},"locations":[{"start":{"line":171,"column":37},"end":{"line":171,"column":63}}]},"10":{"type":"branch","line":170,"loc":{"start":{"line":170,"column":6},"end":{"line":170,"column":7}},"locations":[{"start":{"line":170,"column":6},"end":{"line":170,"column":7}}]},"11":{"type":"branch","line":182,"loc":{"start":{"line":182,"column":14},"end":{"line":204,"column":43}},"locations":[{"start":{"line":182,"column":14},"end":{"line":204,"column":43}}]},"12":{"type":"branch","line":207,"loc":{"start":{"line":207,"column":12},"end":{"line":207,"column":13}},"locations":[{"start":{"line":207,"column":12},"end":{"line":207,"column":13}}]},"13":{"type":"branch","line":207,"loc":{"start":{"line":207,"column":12},"end":{"line":207,"column":13}},"locations":[{"start":{"line":207,"column":12},"end":{"line":207,"column":13}}]},"14":{"type":"branch","line":207,"loc":{"start":{"line":207,"column":12},"end":{"line":207,"column":13}},"locations":[{"start":{"line":207,"column":12},"end":{"line":207,"column":13}}]},"15":{"type":"branch","line":207,"loc":{"start":{"line":207,"column":12},"end":{"line":207,"column":13}},"locations":[{"start":{"line":207,"column":12},"end":{"line":207,"column":13}}]},"16":{"type":"branch","line":216,"loc":{"start":{"line":216,"column":16},"end":{"line":216,"column":17}},"locations":[{"start":{"line":216,"column":16},"end":{"line":216,"column":17}}]},"17":{"type":"branch","line":226,"loc":{"start":{"line":226,"column":16},"end":{"line":232,"column":15}},"locations":[{"start":{"line":226,"column":16},"end":{"line":232,"column":15}}]},"18":{"type":"branch","line":232,"loc":{"start":{"line":232,"column":14},"end":{"line":238,"column":13}},"locations":[{"start":{"line":232,"column":14},"end":{"line":238,"column":13}}]},"19":{"type":"branch","line":243,"loc":{"start":{"line":243,"column":12},"end":{"line":243,"column":13}},"locations":[{"start":{"line":243,"column":12},"end":{"line":243,"column":13}}]},"20":{"type":"branch","line":243,"loc":{"start":{"line":243,"column":12},"end":{"line":243,"column":13}},"locations":[{"start":{"line":243,"column":12},"end":{"line":243,"column":13}}]},"21":{"type":"branch","line":243,"loc":{"start":{"line":243,"column":12},"end":{"line":243,"column":13}},"locations":[{"start":{"line":243,"column":12},"end":{"line":243,"column":13}}]},"22":{"type":"branch","line":243,"loc":{"start":{"line":243,"column":12},"end":{"line":243,"column":13}},"locations":[{"start":{"line":243,"column":12},"end":{"line":243,"column":13}}]},"23":{"type":"branch","line":252,"loc":{"start":{"line":252,"column":16},"end":{"line":252,"column":17}},"locations":[{"start":{"line":252,"column":16},"end":{"line":252,"column":17}}]},"24":{"type":"branch","line":262,"loc":{"start":{"line":262,"column":16},"end":{"line":268,"column":15}},"locations":[{"start":{"line":262,"column":16},"end":{"line":268,"column":15}}]},"25":{"type":"branch","line":268,"loc":{"start":{"line":268,"column":14},"end":{"line":274,"column":13}},"locations":[{"start":{"line":268,"column":14},"end":{"line":274,"column":13}}]},"26":{"type":"branch","line":279,"loc":{"start":{"line":279,"column":12},"end":{"line":279,"column":13}},"locations":[{"start":{"line":279,"column":12},"end":{"line":279,"column":13}}]},"27":{"type":"branch","line":279,"loc":{"start":{"line":279,"column":12},"end":{"line":279,"column":13}},"locations":[{"start":{"line":279,"column":12},"end":{"line":279,"column":13}}]},"28":{"type":"branch","line":279,"loc":{"start":{"line":279,"column":12},"end":{"line":279,"column":13}},"locations":[{"start":{"line":279,"column":12},"end":{"line":279,"column":13}}]},"29":{"type":"branch","line":279,"loc":{"start":{"line":279,"column":12},"end":{"line":279,"column":13}},"locations":[{"start":{"line":279,"column":12},"end":{"line":279,"column":13}}]},"30":{"type":"branch","line":288,"loc":{"start":{"line":288,"column":16},"end":{"line":288,"column":17}},"locations":[{"start":{"line":288,"column":16},"end":{"line":288,"column":17}}]},"31":{"type":"branch","line":298,"loc":{"start":{"line":298,"column":16},"end":{"line":304,"column":15}},"locations":[{"start":{"line":298,"column":16},"end":{"line":304,"column":15}}]},"32":{"type":"branch","line":304,"loc":{"start":{"line":304,"column":14},"end":{"line":310,"column":13}},"locations":[{"start":{"line":304,"column":14},"end":{"line":310,"column":13}}]},"33":{"type":"branch","line":315,"loc":{"start":{"line":315,"column":12},"end":{"line":315,"column":13}},"locations":[{"start":{"line":315,"column":12},"end":{"line":315,"column":13}}]},"34":{"type":"branch","line":315,"loc":{"start":{"line":315,"column":12},"end":{"line":315,"column":13}},"locations":[{"start":{"line":315,"column":12},"end":{"line":315,"column":13}}]},"35":{"type":"branch","line":315,"loc":{"start":{"line":315,"column":12},"end":{"line":315,"column":13}},"locations":[{"start":{"line":315,"column":12},"end":{"line":315,"column":13}}]},"36":{"type":"branch","line":315,"loc":{"start":{"line":315,"column":12},"end":{"line":315,"column":13}},"locations":[{"start":{"line":315,"column":12},"end":{"line":315,"column":13}}]},"37":{"type":"branch","line":324,"loc":{"start":{"line":324,"column":16},"end":{"line":324,"column":17}},"locations":[{"start":{"line":324,"column":16},"end":{"line":324,"column":17}}]},"38":{"type":"branch","line":334,"loc":{"start":{"line":334,"column":16},"end":{"line":340,"column":15}},"locations":[{"start":{"line":334,"column":16},"end":{"line":340,"column":15}}]},"39":{"type":"branch","line":340,"loc":{"start":{"line":340,"column":14},"end":{"line":346,"column":13}},"locations":[{"start":{"line":340,"column":14},"end":{"line":346,"column":13}}]},"40":{"type":"branch","line":351,"loc":{"start":{"line":351,"column":12},"end":{"line":351,"column":13}},"locations":[{"start":{"line":351,"column":12},"end":{"line":351,"column":13}}]},"41":{"type":"branch","line":351,"loc":{"start":{"line":351,"column":12},"end":{"line":351,"column":13}},"locations":[{"start":{"line":351,"column":12},"end":{"line":351,"column":13}}]},"42":{"type":"branch","line":351,"loc":{"start":{"line":351,"column":12},"end":{"line":351,"column":13}},"locations":[{"start":{"line":351,"column":12},"end":{"line":351,"column":13}}]},"43":{"type":"branch","line":351,"loc":{"start":{"line":351,"column":12},"end":{"line":351,"column":13}},"locations":[{"start":{"line":351,"column":12},"end":{"line":351,"column":13}}]},"44":{"type":"branch","line":360,"loc":{"start":{"line":360,"column":16},"end":{"line":360,"column":17}},"locations":[{"start":{"line":360,"column":16},"end":{"line":360,"column":17}}]},"45":{"type":"branch","line":369,"loc":{"start":{"line":369,"column":33},"end":{"line":376,"column":15}},"locations":[{"start":{"line":369,"column":33},"end":{"line":376,"column":15}}]},"46":{"type":"branch","line":85,"loc":{"start":{"line":85,"column":8},"end":{"line":129,"column":21}},"locations":[{"start":{"line":85,"column":8},"end":{"line":129,"column":21}}]},"47":{"type":"branch","line":87,"loc":{"start":{"line":87,"column":6},"end":{"line":87,"column":24}},"locations":[{"start":{"line":87,"column":6},"end":{"line":87,"column":24}}]},"48":{"type":"branch","line":88,"loc":{"start":{"line":88,"column":16},"end":{"line":89,"column":29}},"locations":[{"start":{"line":88,"column":16},"end":{"line":89,"column":29}}]},"49":{"type":"branch","line":91,"loc":{"start":{"line":91,"column":12},"end":{"line":91,"column":33}},"locations":[{"start":{"line":91,"column":12},"end":{"line":91,"column":33}}]},"50":{"type":"branch","line":92,"loc":{"start":{"line":92,"column":8},"end":{"line":129,"column":18}},"locations":[{"start":{"line":92,"column":8},"end":{"line":129,"column":18}}]},"51":{"type":"branch","line":103,"loc":{"start":{"line":103,"column":22},"end":{"line":116,"column":8}},"locations":[{"start":{"line":103,"column":22},"end":{"line":116,"column":8}}]},"52":{"type":"branch","line":129,"loc":{"start":{"line":129,"column":67},"end":{"line":131,"column":16}},"locations":[{"start":{"line":129,"column":67},"end":{"line":131,"column":16}}]},"53":{"type":"branch","line":131,"loc":{"start":{"line":131,"column":59},"end":{"line":150,"column":24}},"locations":[{"start":{"line":131,"column":59},"end":{"line":150,"column":24}}]},"54":{"type":"branch","line":133,"loc":{"start":{"line":133,"column":18},"end":{"line":133,"column":41}},"locations":[{"start":{"line":133,"column":18},"end":{"line":133,"column":41}}]},"55":{"type":"branch","line":135,"loc":{"start":{"line":135,"column":2},"end":{"line":137,"column":24}},"locations":[{"start":{"line":135,"column":2},"end":{"line":137,"column":24}}]},"56":{"type":"branch","line":137,"loc":{"start":{"line":137,"column":8},"end":{"line":141,"column":17}},"locations":[{"start":{"line":137,"column":8},"end":{"line":141,"column":17}}]},"57":{"type":"branch","line":141,"loc":{"start":{"line":141,"column":47},"end":{"line":142,"column":17}},"locations":[{"start":{"line":141,"column":47},"end":{"line":142,"column":17}}]},"58":{"type":"branch","line":142,"loc":{"start":{"line":142,"column":17},"end":{"line":150,"column":24}},"locations":[{"start":{"line":142,"column":17},"end":{"line":150,"column":24}}]},"59":{"type":"branch","line":151,"loc":{"start":{"line":151,"column":16},"end":{"line":158,"column":63}},"locations":[{"start":{"line":151,"column":16},"end":{"line":158,"column":63}}]},"60":{"type":"branch","line":156,"loc":{"start":{"line":156,"column":2},"end":{"line":158,"column":44}},"locations":[{"start":{"line":156,"column":2},"end":{"line":158,"column":44}}]},"61":{"type":"branch","line":157,"loc":{"start":{"line":157,"column":4},"end":{"line":157,"column":30}},"locations":[{"start":{"line":157,"column":4},"end":{"line":157,"column":30}}]},"62":{"type":"branch","line":157,"loc":{"start":{"line":157,"column":23},"end":{"line":158,"column":35}},"locations":[{"start":{"line":157,"column":23},"end":{"line":158,"column":35}}]},"63":{"type":"branch","line":159,"loc":{"start":{"line":159,"column":22},"end":{"line":164,"column":28}},"locations":[{"start":{"line":159,"column":22},"end":{"line":164,"column":28}}]},"64":{"type":"branch","line":164,"loc":{"start":{"line":164,"column":28},"end":{"line":170,"column":7}},"locations":[{"start":{"line":164,"column":28},"end":{"line":170,"column":7}}]},"65":{"type":"branch","line":164,"loc":{"start":{"line":164,"column":59},"end":{"line":165,"column":42}},"locations":[{"start":{"line":164,"column":59},"end":{"line":165,"column":42}}]},"66":{"type":"branch","line":165,"loc":{"start":{"line":165,"column":69},"end":{"line":165,"column":97}},"locations":[{"start":{"line":165,"column":69},"end":{"line":165,"column":97}}]},"67":{"type":"branch","line":168,"loc":{"start":{"line":168,"column":4},"end":{"line":168,"column":5}},"locations":[{"start":{"line":168,"column":4},"end":{"line":168,"column":5}}]},"68":{"type":"branch","line":168,"loc":{"start":{"line":168,"column":4},"end":{"line":168,"column":19}},"locations":[{"start":{"line":168,"column":4},"end":{"line":168,"column":19}}]},"69":{"type":"branch","line":168,"loc":{"start":{"line":168,"column":9},"end":{"line":170,"column":7}},"locations":[{"start":{"line":168,"column":9},"end":{"line":170,"column":7}}]},"70":{"type":"branch","line":170,"loc":{"start":{"line":170,"column":6},"end":{"line":170,"column":7}},"locations":[{"start":{"line":170,"column":6},"end":{"line":170,"column":7}}]},"71":{"type":"branch","line":170,"loc":{"start":{"line":170,"column":6},"end":{"line":170,"column":7}},"locations":[{"start":{"line":170,"column":6},"end":{"line":170,"column":7}}]},"72":{"type":"branch","line":279,"loc":{"start":{"line":279,"column":12},"end":{"line":279,"column":13}},"locations":[{"start":{"line":279,"column":12},"end":{"line":279,"column":13}}]},"73":{"type":"branch","line":315,"loc":{"start":{"line":315,"column":12},"end":{"line":315,"column":13}},"locations":[{"start":{"line":315,"column":12},"end":{"line":315,"column":13}}]}},"b":{"0":[6],"1":[6],"2":[12],"3":[6],"4":[6],"5":[5],"6":[5],"7":[5],"8":[5],"9":[5],"10":[0],"11":[1],"12":[1],"13":[5],"14":[1],"15":[5],"16":[1],"17":[5],"18":[1],"19":[1],"20":[5],"21":[1],"22":[5],"23":[1],"24":[5],"25":[1],"26":[2],"27":[4],"28":[1],"29":[5],"30":[1],"31":[5],"32":[1],"33":[2],"34":[4],"35":[1],"36":[5],"37":[1],"38":[5],"39":[1],"40":[1],"41":[5],"42":[1],"43":[5],"44":[1],"45":[5],"46":[2],"47":[0],"48":[0],"49":[1],"50":[1],"51":[0],"52":[6],"53":[2],"54":[0],"55":[1],"56":[0],"57":[1],"58":[1],"59":[6],"60":[30],"61":[7],"62":[2],"63":[31],"64":[6],"65":[0],"66":[0],"67":[4],"68":[2],"69":[4],"70":[0],"71":[4],"72":[1],"73":[1]},"fnMap":{"0":{"name":"IconMaletaCabina","decl":{"start":{"line":15,"column":4},"end":{"line":23,"column":5}},"loc":{"start":{"line":15,"column":4},"end":{"line":23,"column":5}},"line":15},"1":{"name":"IconMaletaBodega","decl":{"start":{"line":23,"column":4},"end":{"line":32,"column":5}},"loc":{"start":{"line":23,"column":4},"end":{"line":32,"column":5}},"line":23},"2":{"name":"IconSeguro","decl":{"start":{"line":32,"column":4},"end":{"line":43,"column":5}},"loc":{"start":{"line":32,"column":4},"end":{"line":43,"column":5}},"line":32},"3":{"name":"IconAsistencia","decl":{"start":{"line":43,"column":4},"end":{"line":51,"column":83}},"loc":{"start":{"line":43,"column":4},"end":{"line":51,"column":83}},"line":43},"4":{"name":"IconCheck","decl":{"start":{"line":51,"column":4},"end":{"line":64,"column":55}},"loc":{"start":{"line":51,"column":4},"end":{"line":64,"column":55}},"line":51},"5":{"name":"handleToggleExtra","decl":{"start":{"line":131,"column":59},"end":{"line":150,"column":24}},"loc":{"start":{"line":131,"column":59},"end":{"line":150,"column":24}},"line":131},"6":{"name":"calcularTotal","decl":{"start":{"line":151,"column":16},"end":{"line":158,"column":63}},"loc":{"start":{"line":151,"column":16},"end":{"line":158,"column":63}},"line":151},"7":{"name":"formatCurrency","decl":{"start":{"line":159,"column":22},"end":{"line":164,"column":28}},"loc":{"start":{"line":159,"column":22},"end":{"line":164,"column":28}},"line":159},"8":{"name":"getSeatClassName","decl":{"start":{"line":164,"column":28},"end":{"line":170,"column":7}},"loc":{"start":{"line":164,"column":28},"end":{"line":170,"column":7}},"line":164},"9":{"name":"onClick","decl":{"start":{"line":207,"column":12},"end":{"line":207,"column":13}},"loc":{"start":{"line":207,"column":12},"end":{"line":207,"column":13}},"line":207},"10":{"name":"onChange","decl":{"start":{"line":222,"column":14},"end":{"line":222,"column":15}},"loc":{"start":{"line":222,"column":14},"end":{"line":222,"column":15}},"line":222},"11":{"name":"onClick","decl":{"start":{"line":243,"column":12},"end":{"line":243,"column":13}},"loc":{"start":{"line":243,"column":12},"end":{"line":243,"column":13}},"line":243},"12":{"name":"onChange","decl":{"start":{"line":258,"column":14},"end":{"line":258,"column":15}},"loc":{"start":{"line":258,"column":14},"end":{"line":258,"column":15}},"line":258},"13":{"name":"onClick","decl":{"start":{"line":279,"column":12},"end":{"line":279,"column":13}},"loc":{"start":{"line":279,"column":12},"end":{"line":279,"column":13}},"line":279},"14":{"name":"onChange","decl":{"start":{"line":294,"column":14},"end":{"line":294,"column":15}},"loc":{"start":{"line":294,"column":14},"end":{"line":294,"column":15}},"line":294},"15":{"name":"onClick","decl":{"start":{"line":315,"column":12},"end":{"line":315,"column":13}},"loc":{"start":{"line":315,"column":12},"end":{"line":315,"column":13}},"line":315},"16":{"name":"onChange","decl":{"start":{"line":330,"column":14},"end":{"line":330,"column":15}},"loc":{"start":{"line":330,"column":14},"end":{"line":330,"column":15}},"line":330},"17":{"name":"onClick","decl":{"start":{"line":351,"column":12},"end":{"line":351,"column":13}},"loc":{"start":{"line":351,"column":12},"end":{"line":351,"column":13}},"line":351},"18":{"name":"onChange","decl":{"start":{"line":366,"column":14},"end":{"line":366,"column":15}},"loc":{"start":{"line":366,"column":14},"end":{"line":366,"column":15}},"line":366}},"f":{"0":6,"1":6,"2":12,"3":6,"4":5,"5":2,"6":6,"7":31,"8":6,"9":0,"10":0,"11":0,"12":0,"13":1,"14":0,"15":1,"16":0,"17":0,"18":0}}
[...]
,"end":{"line":180,"column":4}},"180":{"start":{"line":181,"column":0},"end":{"line":181,"column":33}},"181":{"start":{"line":182,"column":0},"end":{"line":182,"column":3}},"182":{"start":{"line":183,"column":0},"end":{"line":183,"column":2}},"183":{"start":{"line":184,"column":0},"end":{"line":184,"column":0}},"184":{"start":{"line":185,"column":0},"end":{"line":185,"column":49}},"185":{"start":{"line":186,"column":0},"end":{"line":186,"column":41}},"186":{"start":{"line":187,"column":0},"end":{"line":187,"column":41}},"187":{"start":{"line":188,"column":0},"end":{"line":188,"column":43}},"188":{"start":{"line":189,"column":0},"end":{"line":189,"column":45}},"189":{"start":{"line":190,"column":0},"end":{"line":190,"column":55}},"190":{"start":{"line":191,"column":0},"end":{"line":191,"column":41}},"191":{"start":{"line":192,"column":0},"end":{"line":192,"column":41}},"192":{"start":{"line":193,"column":0},"end":{"line":193,"column":49}},"193":{"start":{"line":194,"column":0},"end":{"line":194,"column":41}},"194":{"start":{"line":195,"column":0},"end":{"line":195,"column":47}},"195":{"start":{"line":196,"column":0},"end":{"line":196,"column":51}},"196":{"start":{"line":197,"column":0},"end":{"line":197,"column":0}},"197":{"start":{"line":198,"column":0},"end":{"line":198,"column":46}},"198":{"start":{"line":199,"column":0},"end":{"line":199,"column":25}},"199":{"start":{"line":200,"column":0},"end":{"line":200,"column":44}},"200":{"start":{"line":201,"column":0},"end":{"line":201,"column":35}},"201":{"start":{"line":202,"column":0},"end":{"line":202,"column":9}},"202":{"start":{"line":203,"column":0},"end":{"line":203,"column":34}},"203":{"start":{"line":204,"column":0},"end":{"line":204,"column":18}},"204":{"start":{"line":205,"column":0},"end":{"line":205,"column":21}},"205":{"start":{"line":206,"column":0},"end":{"line":206,"column":53}},"206":{"start":{"line":207,"column":0},"end":{"line":207,"column":19}},"207":{"start":{"line":208,"column":0},"end":{"line":208,"column":5}},"208":{"start":{"line":209,"column":0},"end":{"line":209,"column":4}},"209":{"start":{"line":210,"column":0},"end":{"line":210,"column":2}},"210":{"start":{"line":211,"column":0},"end":{"line":211,"column":28}},"211":{"start":{"line":212,"column":0},"end":{"line":212,"column":26}},"212":{"start":{"line":213,"column":0},"end":{"line":213,"column":51}},"213":{"start":{"line":214,"column":0},"end":{"line":214,"column":4}},"214":{"start":{"line":215,"column":0},"end":{"line":215,"column":2}},"215":{"start":{"line":216,"column":0},"end":{"line":216,"column":34}},"216":{"start":{"line":217,"column":0},"end":{"line":217,"column":23}},"217":{"start":{"line":218,"column":0},"end":{"line":218,"column":56}},"218":{"start":{"line":219,"column":0},"end":{"line":219,"column":28}},"219":{"start":{"line":220,"column":0},"end":{"line":220,"column":4}},"220":{"start":{"line":221,"column":0},"end":{"line":221,"column":9}},"221":{"start":{"line":222,"column":0},"end":{"line":222,"column":60}},"222":{"start":{"line":223,"column":0},"end":{"line":223,"column":14}},"223":{"start":{"line":224,"column":0},"end":{"line":224,"column":46}},"224":{"start":{"line":225,"column":0},"end":{"line":225,"column":59}},"225":{"start":{"line":226,"column":0},"end":{"line":226,"column":49}},"226":{"start":{"line":227,"column":0},"end":{"line":227,"column":25}},"227":{"start":{"line":228,"column":0},"end":{"line":228,"column":35}},"228":{"start":{"line":229,"column":0},"end":{"line":229,"column":34}},"229":{"start":{"line":230,"column":0},"end":{"line":230,"column":8}},"230":{"start":{"line":231,"column":0},"end":{"line":231,"column":21}},"231":{"start":{"line":232,"column":0},"end":{"line":232,"column":52}},"232":{"start":{"line":233,"column":0},"end":{"line":233,"column":18}},"233":{"start":{"line":234,"column":0},"end":{"line":234,"column":5}},"234":{"start":{"line":235,"column":0},"end":{"line":235,"column":4}},"235":{"start":{"line":236,"column":0},"end":{"line":236,"column":2}},"236":{"start":{"line":237,"column":0},"end":{"line":237,"column":26}},"237":{"start":{"line":238,"column":0},"end":{"line":238,"column":20}},"238":{"start":{"line":239,"column":0},"end":{"line":239,"column":27}},"239":{"start":{"line":240,"column":0},"end":{"line":240,"column":44}},"240":{"start":{"line":241,"column":0},"end":{"line":241,"column":4}},"241":{"start":{"line":242,"column":0},"end":{"line":242,"column":2}},"242":{"start":{"line":243,"column":0},"end":{"line":243,"column":45}},"243":{"start":{"line":244,"column":0},"end":{"line":244,"column":23}},"244":{"start":{"line":245,"column":0},"end":{"line":245,"column":46}},"245":{"start":{"line":246,"column":0},"end":{"line":246,"column":36}},"246":{"start":{"line":247,"column":0},"end":{"line":247,"column":4}},"247":{"start":{"line":248,"column":0},"end":{"line":248,"column":2}},"248":{"start":{"line":249,"column":0},"end":{"line":249,"column":40}},"249":{"start":{"line":250,"column":0},"end":{"line":250,"column":25}},"250":{"start":{"line":251,"column":0},"end":{"line":251,"column":46}},"251":{"start":{"line":252,"column":0},"end":{"line":252,"column":50}},"252":{"start":{"line":253,"column":0},"end":{"line":253,"column":4}},"253":{"start":{"line":254,"column":0},"end":{"line":254,"column":46}},"254":{"start":{"line":255,"column":0},"end":{"line":255,"column":31}},"255":{"start":{"line":256,"column":0},"end":{"line":256,"column":3}},"256":{"start":{"line":257,"column":0},"end":{"line":257,"column":2}},"257":{"start":{"line":258,"column":0},"end":{"line":258,"column":0}},"258":{"start":{"line":259,"column":0},"end":{"line":259,"column":54}},"259":{"start":{"line":260,"column":0},"end":{"line":260,"column":29}},"260":{"start":{"line":261,"column":0},"end":{"line":261,"column":0}},"261":{"start":{"line":262,"column":0},"end":{"line":262,"column":19}}},"s":{"0":1,"1":1,"14":1,"15":1,"16":1,"17":1,"18":1,"19":1,"20":1,"21":1,"22":1,"23":1,"24":4,"25":4,"26":4,"27":1,"28":4,"29":3,"30":3,"31":1,"32":4,"33":2,"34":2,"35":1,"36":1,"37":1,"38":1,"39":1,"40":1,"41":1,"42":1,"43":1,"44":1,"45":1,"46":1,"47":1,"48":1,"49":1,"50":1,"51":1,"52":1,"53":1,"54":1,"55":1,"56":1,"57":1,"58":1,"59":1,"60":1,"61":1,"62":1,"63":1,"64":1,"65":3,"66":3,"67":3,"68":3,"69":3,"70":3,"71":3,"72":3,"73":3,"74":3,"75":3,"76":3,"77":3,"78":3,"79":3,"80":3,"81":3,"82":3,"83":3,"84":3,"85":3,"86":3,"87":3,"88":3,"89":18,"90":3,"91":3,"92":3,"93":3,"94":3,"95":3,"96":3,"97":1,"98":1,"99":1,"100":1,"101":1,"102":1,"103":1,"104":1,"105":1,"106":3,"107":2,"108":2,"109":3,"110":1,"111":1,"112":1,"113":1,"114":1,"115":1,"116":1,"117":0,"118":0,"119":1,"120":1,"121":1,"122":1,"123":1,"124":1,"125":1,"126":1,"127":0,"128":0,"129":1,"130":1,"131":1,"132":1,"133":1,"134":1,"135":0,"136":0,"137":0,"138":0,"139":0,"140":0,"141":1,"142":2,"143":2,"144":2,"145":2,"146":2,"147":2,"148":2,"149":2,"150":2,"151":2,"152":2,"153":2,"154":2,"155":2,"156":2,"157":2,"158":2,"159":2,"160":2,"161":9,"162":9,"163":2,"164":2,"165":2,"166":2,"167":2,"168":2,"169":2,"170":2,"171":1,"172":1,"173":1,"174":1,"175":1,"176":2,"177":0,"178":0,"179":0,"180":0,"181":0,"182":0,"183":0,"184":0,"185":0,"186":1,"187":1,"188":1,"189":1,"190":1,"191":1,"192":1,"193":1,"194":1,"195":1,"196":1,"197":1,"198":1,"199":1,"200":1,"201":1,"202":1,"203":1,"204":1,"205":1,"206":1,"207":1,"208":1,"209":1,"210":1,"211":1,"212":1,"213":2,"214":2,"215":2,"216":1,"217":1,"218":1,"219":1,"220":1,"221":1,"222":2,"223":1,"224":1,"225":4,"226":4,"227":4,"228":4,"229":4,"230":4,"231":4,"232":1,"233":4,"234":4,"235":4,"236":4,"237":4,"238":4,"239":4,"240":4,"241":4,"242":4,"243":0,"244":4,"245":1,"246":1,"247":1,"248":1,"249":1,"250":1,"251":1,"252":1,"253":1,"254":1,"255":1,"256":1,"257":1,"258":1,"259":1,"260":1,"261":1},"branchMap":{"0":{"type":"branch","line":24,"loc":{"start":{"line":24,"column":65},"end":{"line":36,"column":24}},"locations":[{"start":{"line":24,"column":65},"end":{"line":36,"column":24}}]},"1":{"type":"branch","line":27,"loc":{"start":{"line":27,"column":1},"end":{"line":29,"column":32}},"locations":[{"start":{"line":27,"column":1},"end":{"line":29,"column":32}}]},"2":{"type":"branch","line":29,"loc":{"start":{"line":29,"column":23},"end":{"line":31,"column":2}},"locations":[{"start":{"line":29,"column":23},"end":{"line":31,"column":2}}]},"3":{"type":"branch","line":32,"loc":{"start":{"line":32,"column":-2},"end":{"line":33,"column":34}},"locations":[{"start":{"line":32,"column":-2},"end":{"line":33,"column":34}}]},"4":{"type":"branch","line":33,"loc":{"start":{"line":33,"column":21},"end":{"line":36,"column":23}},"locations":[{"start":{"line":33,"column":21},"end":{"line":36,"column":23}}]},"5":{"type":"branch","line":39,"loc":{"start":{"line":39,"column":16},"end":{"line":40,"column":33}},"locations":[{"start":{"line":39,"column":16},"end":{"line":40,"column":33}}]},"6":{"type":"branch","line":65,"loc":{"start":{"line":65,"column":11},"end":{"line":127,"column":23}},"locations":[{"start":{"line":65,"column":11},"end":{"line":127,"column":23}}]},"7":{"type":"branch","line":97,"loc":{"start":{"line":97,"column":29},"end":{"line":97,"column":52}},"locations":[{"start":{"line":97,"column":29},"end":{"line":97,"column":52}}]},"8":{"type":"branch","line":97,"loc":{"start":{"line":97,"column":44},"end":{"line":107,"column":40}},"locations":[{"start":{"line":97,"column":44},"end":{"line":107,"column":40}}]},"9":{"type":"branch","line":107,"loc":{"start":{"line":107,"column":32},"end":{"line":110,"column":31}},"locations":[{"start":{"line":107,"column":32},"end":{"line":110,"column":31}}]},"10":{"type":"branch","line":110,"loc":{"start":{"line":110,"column":31},"end":{"line":126,"column":17}},"locations":[{"start":{"line":110,"column":31},"end":{"line":126,"column":17}}]},"11":{"type":"branch","line":117,"loc":{"start":{"line":117,"column":3},"end":{"line":120,"column":19}},"locations":[{"start":{"line":117,"column":3},"end":{"line":120,"column":19}}]},"12":{"type":"branch","line":127,"loc":{"start":{"line":127,"column":0},"end":{"line":127,"column":23}},"locations":[{"start":{"line":127,"column":0},"end":{"line":127,"column":23}}]},"13":{"type":"branch","line":89,"loc":{"start":{"line":89,"column":16},"end":{"line":91,"column":4}},"locations":[{"start":{"line":89,"column":16},"end":{"line":91,"column":4}}]},"14":{"type":"branch","line":93,"loc":{"start":{"line":93,"column":14},"end":{"line":93,"column":69}},"locations":[{"start":{"line":93,"column":14},"end":{"line":93,"column":69}}]},"15":{"type":"branch","line":142,"loc":{"start":{"line":142,"column":12},"end":{"line":187,"column":35}},"locations":[{"start":{"line":142,"column":12},"end":{"line":187,"column":35}}]},"16":{"type":"branch","line":154,"loc":{"start":{"line":154,"column":29},"end":{"line":154,"column":46}},"locations":[{"start":{"line":154,"column":29},"end":{"line":154,"column":46}}]},"17":{"type":"branch","line":171,"loc":{"start":{"line":171,"column":2},"end":{"line":177,"column":2}},"locations":[{"start":{"line":171,"column":2},"end":{"line":177,"column":2}}]},"18":{"type":"branch","line":177,"loc":{"start":{"line":177,"column":6},"end":{"line":186,"column":41}},"locations":[{"start":{"line":177,"column":6},"end":{"line":186,"column":41}}]},"19":{"type":"branch","line":161,"loc":{"start":{"line":161,"column":10},"end":{"line":164,"column":23}},"locations":[{"start":{"line":161,"column":10},"end":{"line":164,"column":23}}]},"20":{"type":"branch","line":175,"loc":{"start":{"line":175,"column":76},"end":{"line":176,"column":50}},"locations":[{"start":{"line":175,"column":76},"end":{"line":176,"column":50}}]},"21":{"type":"branch","line":188,"loc":{"start":{"line":188,"column":38},"end":{"line":188,"column":43}},"locations":[{"start":{"line":188,"column":38},"end":{"line":188,"column":43}}]},"22":{"type":"branch","line":189,"loc":{"start":{"line":189,"column":25},"end":{"line":189,"column":45}},"locations":[{"start":{"line":189,"column":25},"end":{"line":189,"column":45}}]},"23":{"type":"branch","line":190,"loc":{"start":{"line":190,"column":30},"end":{"line":190,"column":53}},"locations":[{"start":{"line":190,"column":30},"end":{"line":190,"column":53}}]},"24":{"type":"branch","line":191,"loc":{"start":{"line":191,"column":23},"end":{"line":191,"column":35}},"locations":[{"start":{"line":191,"column":23},"end":{"line":191,"column":35}}]},"25":{"type":"branch","line":192,"loc":{"start":{"line":192,"column":23},"end":{"line":192,"column":41}},"locations":[{"start":{"line":192,"column":23},"end":{"line":192,"column":41}}]},"26":{"type":"branch","line":193,"loc":{"start":{"line":193,"column":27},"end":{"line":193,"column":49}},"locations":[{"start":{"line":193,"column":27},"end":{"line":193,"column":49}}]},"27":{"type":"branch","line":194,"loc":{"start":{"line":194,"column":23},"end":{"line":194,"column":41}},"locations":[{"start":{"line":194,"column":23},"end":{"line":194,"column":41}}]},"28":{"type":"branch","line":195,"loc":{"start":{"line":195,"column":26},"end":{"line":195,"column":47}},"locations":[{"start":{"line":195,"column":26},"end":{"line":195,"column":47}}]},"29":{"type":"branch","line":196,"loc":{"start":{"line":196,"column":28},"end":{"line":196,"column":49}},"locations":[{"start":{"line":196,"column":28},"end":{"line":196,"column":49}}]},"30":{"type":"branch","line":198,"loc":{"start":{"line":198,"column":24},"end":{"line":199,"column":13}},"locations":[{"start":{"line":198,"column":24},"end":{"line":199,"column":13}}]},"31":{"type":"branch","line":205,"loc":{"start":{"line":205,"column":6},"end":{"line":206,"column":13}},"locations":[{"start":{"line":205,"column":6},"end":{"line":206,"column":13}}]},"32":{"type":"branch","line":213,"loc":{"start":{"line":213,"column":4},"end":{"line":219,"column":14}},"locations":[{"start":{"line":213,"column":4},"end":{"line":219,"column":14}}]},"33":{"type":"branch","line":216,"loc":{"start":{"line":216,"column":2},"end":{"line":219,"column":9}},"locations":[{"start":{"line":216,"column":2},"end":{"line":219,"column":9}}]},"34":{"type":"branch","line":222,"loc":{"start":{"line":222,"column":22},"end":{"line":224,"column":14}},"locations":[{"start":{"line":222,"column":22},"end":{"line":224,"column":14}}]},"35":{"type":"branch","line":225,"loc":{"start":{"line":225,"column":15},"end":{"line":245,"column":46}},"locations":[{"start":{"line":225,"column":15},"end":{"line":245,"column":46}}]},"36":{"type":"branch","line":226,"loc":{"start":{"line":226,"column":38},"end":{"line":227,"column":4}},"locations":[{"start":{"line":226,"column":38},"end":{"line":227,"column":4}}]},"37":{"type":"branch","line":231,"loc":{"start":{"line":231,"column":19},"end":{"line":232,"column":13}},"locations":[{"start":{"line":231,"column":19},"end":{"line":232,"column":13}}]},"38":{"type":"branch","line":232,"loc":{"start":{"line":232,"column":45},"end":{"line":234,"column":2}},"locations":[{"start":{"line":232,"column":45},"end":{"line":234,"column":2}}]},"39":{"type":"branch","line":240,"loc":{"start":{"line":240,"column":4},"end":{"line":240,"column":27}},"locations":[{"start":{"line":240,"column":4},"end":{"line":240,"column":27}}]},"40":{"type":"branch","line":243,"loc":{"start":{"line":243,"column":18},"end":{"line":245,"column":43}},"locations":[{"start":{"line":243,"column":18},"end":{"line":245,"column":43}}]},"41":{"type":"branch","line":249,"loc":{"start":{"line":249,"column":0},"end":{"line":251,"column":19}},"locations":[{"start":{"line":249,"column":0},"end":{"line":251,"column":19}}]},"42":{"type":"branch","line":252,"loc":{"start":{"line":252,"column":38},"end":{"line":255,"column":31}},"locations":[{"start":{"line":252,"column":38},"end":{"line":255,"column":31}}]},"43":{"type":"branch","line":255,"loc":{"start":{"line":255,"column":11},"end":{"line":255,"column":25}},"locations":[{"start":{"line":255,"column":11},"end":{"line":255,"column":25}}]},"44":{"type":"branch","line":259,"loc":{"start":{"line":259,"column":22},"end":{"line":259,"column":39}},"locations":[{"start":{"line":259,"column":22},"end":{"line":259,"column":39}}]}},"b":{"0":[4],"1":[1],"2":[3],"3":[1],"4":[2],"5":[3],"6":[3],"7":[2],"8":[1],"9":[2],"10":[1],"11":[0],"12":[2],"13":[18],"14":[17],"15":[2],"16":[0],"17":[1],"18":[0],"19":[9],"20":[1],"21":[1],"22":[1],"23":[1],"24":[1],"25":[1],"26":[1],"27":[1],"28":[1],"29":[1],"30":[1],"31":[1],"32":[2],"33":[1],"34":[2],"35":[4],"36":[0],"37":[1],"38":[1],"39":[1],"40":[0],"41":[1],"42":[1],"43":[0],"44":[0]},"fnMap":{"0":{"name":"getApiBaseUrl","decl":{"start":{"line":24,"column":65},"end":{"line":36,"column":24}},"loc":{"start":{"line":24,"column":65},"end":{"line":36,"column":24}},"line":24},"1":{"name":"get","decl":{"start":{"line":39,"column":16},"end":{"line":40,"column":33}},"loc":{"start":{"line":39,"column":16},"end":{"line":40,"column":33}},"line":39},"2":{"name":"api.interceptors.response.use.errorData.url","decl":{"start":{"line":135,"column":6},"end":{"line":142,"column":21}},"loc":{"start":{"line":135,"column":6},"end":{"line":142,"column":21}},"line":135},"3":{"name":"get","decl":{"start":{"line":188,"column":38},"end":{"line":188,"column":43}},"loc":{"start":{"line":188,"column":38},"end":{"line":188,"column":43}},"line":188},"4":{"name":"get","decl":{"start":{"line":189,"column":25},"end":{"line":189,"column":45}},"loc":{"start":{"line":189,"column":25},"end":{"line":189,"column":45}},"line":189},"5":{"name":"get","decl":{"start":{"line":190,"column":30},"end":{"line":190,"column":53}},"loc":{"start":{"line":190,"column":30},"end":{"line":190,"column":53}},"line":190},"6":{"name":"get","decl":{"start":{"line":191,"column":23},"end":{"line":191,"column":35}},"loc":{"start":{"line":191,"column":23},"end":{"line":191,"column":35}},"line":191},"7":{"name":"get","decl":{"start":{"line":192,"column":23},"end":{"line":192,"column":41}},"loc":{"start":{"line":192,"column":23},"end":{"line":192,"column":41}},"line":192},"8":{"name":"get","decl":{"start":{"line":193,"column":27},"end":{"line":193,"column":49}},"loc":{"start":{"line":193,"column":27},"end":{"line":193,"column":49}},"line":193},"9":{"name":"get","decl":{"start":{"line":194,"column":23},"end":{"line":194,"column":41}},"loc":{"start":{"line":194,"column":23},"end":{"line":194,"column":41}},"line":194},"10":{"name":"get","decl":{"start":{"line":195,"column":26},"end":{"line":195,"column":47}},"loc":{"start":{"line":195,"column":26},"end":{"line":195,"column":47}},"line":195},"11":{"name":"get","decl":{"start":{"line":196,"column":28},"end":{"line":196,"column":49}},"loc":{"start":{"line":196,"column":28},"end":{"line":196,"column":49}},"line":196},"12":{"name":"get","decl":{"start":{"line":198,"column":24},"end":{"line":199,"column":13}},"loc":{"start":{"line":198,"column":24},"end":{"line":199,"column":13}},"line":198},"13":{"name":"get","decl":{"start":{"line":205,"column":6},"end":{"line":206,"column":13}},"loc":{"start":{"line":205,"column":6},"end":{"line":206,"column":13}},"line":205},"14":{"name":"isBackendAvailable","decl":{"start":{"line":213,"column":4},"end":{"line":219,"column":14}},"loc":{"start":{"line":213,"column":4},"end":{"line":219,"column":14}},"line":213},"15":{"name":"isAuthenticated","decl":{"start":{"line":222,"column":22},"end":{"line":224,"column":14}},"loc":{"start":{"line":222,"column":22},"end":{"line":224,"column":14}},"line":222},"16":{"name":"getTokenInfo","decl":{"start":{"line":225,"column":15},"end":{"line":245,"column":46}},"loc":{"start":{"line":225,"column":15},"end":{"line":245,"column":46}},"line":225},"17":{"name":"clearAuth","decl":{"start":{"line":249,"column":0},"end":{"line":251,"column":19}},"loc":{"start":{"line":249,"column":0},"end":{"line":251,"column":19}},"line":249},"18":{"name":"getUserEmail","decl":{"start":{"line":252,"column":38},"end":{"line":255,"column":31}},"loc":{"start":{"line":252,"column":38},"end":{"line":255,"column":31}},"line":252}},"f":{"0":4,"1":3,"2":0,"3":1,"4":1,"5":1,"6":1,"7":1,"8":1,"9":1,"10":1,"11":1,"12":1,"13":1,"14":2,"15":2,"16":4,"17":1,"18":1}}
}
