TN:
SF:src\components\AuthTest.jsx
FN:32,checkToken
FN:42,testConnections
FNF:2
FNH:2
FNDA:3,checkToken
FNDA:5,testConnections
DA:1,1
DA:2,1
DA:3,1
DA:4,1
DA:6,1
DA:7,1
DA:8,1
DA:9,1
DA:10,1
DA:11,1
DA:12,1
DA:13,1
DA:15,1
DA:17,1
DA:18,1
DA:19,1
DA:20,1
DA:21,1
DA:22,1
DA:23,1
DA:25,1
DA:27,1
DA:28,1
DA:29,1
DA:31,1
DA:32,1
DA:33,3
DA:36,3
DA:37,3
DA:38,3
DA:39,3
DA:40,3
DA:41,1
DA:42,1
DA:43,5
DA:44,5
DA:48,5
DA:49,5
DA:50,3
DA:51,3
DA:52,5
DA:53,2
DA:54,2
DA:55,5
DA:56,5
DA:58,2
DA:59,2
DA:62,2
DA:63,2
DA:64,1
DA:65,1
DA:66,1
DA:67,1
DA:68,1
DA:69,2
DA:70,2
DA:71,2
DA:72,2
DA:73,1
DA:74,1
DA:76,1
DA:77,1
DA:79,1
DA:80,1
DA:81,1
DA:82,1
DA:83,1
DA:84,1
DA:85,1
DA:86,1
DA:87,1
DA:88,3
DA:89,3
DA:90,3
DA:91,3
DA:92,1
DA:95,1
DA:96,1
DA:97,1
DA:100,1
DA:101,1
DA:102,1
DA:103,1
DA:104,1
DA:105,1
DA:109,1
DA:110,4
DA:111,4
DA:112,4
DA:114,4
DA:116,4
DA:119,4
DA:120,1
DA:121,1
DA:122,1
DA:125,1
DA:126,1
DA:127,1
DA:128,1
DA:129,1
DA:130,1
DA:132,1
DA:133,1
DA:136,1
DA:137,1
DA:138,1
DA:140,1
DA:141,1
DA:142,0
DA:143,0
DA:144,0
DA:145,0
DA:146,0
DA:147,0
DA:148,0
DA:150,0
DA:151,0
DA:152,0
DA:155,1
DA:157,1
DA:158,1
DA:160,1
DA:162,1
LF:123
LH:113
BRDA:102,0,0,6
BRDA:102,1,0,2
BRDA:109,2,0,4
BRDA:109,3,0,4
BRDA:109,4,0,4
BRDA:119,5,0,2
BRDA:119,6,0,6
BRDA:119,7,0,1
BRDA:119,8,0,5
BRDA:119,9,0,1
BRDA:129,10,0,1
BRDA:129,11,0,7
BRDA:129,12,0,1
BRDA:129,13,0,6
BRDA:132,14,0,0
BRDA:125,15,0,1
BRDA:145,16,0,0
BRDA:141,17,0,0
BRDA:32,18,0,3
BRDA:32,19,0,3
BRDA:37,20,0,2
BRDA:40,21,0,3
BRDA:42,22,0,5
BRDA:42,23,0,5
BRDA:49,24,0,3
BRDA:52,25,0,2
BRDA:56,26,0,4
BRDA:56,27,0,2
BRDA:63,28,0,1
BRDA:72,29,0,1
BRDA:87,30,0,3
BRDA:51,31,0,3
BRDA:54,32,0,2
BRDA:64,33,0,1
BRDA:68,34,0,1
BRDA:79,35,0,1
BRDA:85,36,0,1
BRF:37
BRH:34
end_of_record
TN:
SF:src\components\Chatbot.jsx
FN:41,scrollToBottom
FN:53,getAccessToken
FN:67,handleSendMessage
FN:119,onClick
FN:132,onClick
FN:192,onChange
FNF:6
FNH:5
FNDA:6,scrollToBottom
FNDA:2,getAccessToken
FNDA:2,handleSendMessage
FNDA:2,onClick
FNDA:0,onClick
FNDA:12,onChange
DA:1,1
DA:2,1
DA:3,1
DA:4,1
DA:5,1
DA:7,1
DA:8,1
DA:9,1
DA:10,1
DA:11,1
DA:12,1
DA:13,1
DA:14,1
DA:15,1
DA:16,1
DA:17,1
DA:18,1
DA:19,1
DA:20,1
DA:23,1
DA:24,1
DA:25,1
DA:27,1
DA:28,1
DA:29,1
DA:32,1
DA:33,1
DA:34,1
DA:35,1
DA:36,1
DA:37,1
DA:38,1
DA:39,1
DA:40,1
DA:41,1
DA:42,6
DA:43,6
DA:44,6
DA:47,6
DA:48,1
DA:50,1
DA:52,1
DA:53,1
DA:54,2
DA:55,2
DA:56,2
DA:57,2
DA:59,2
DA:60,2
DA:61,1
DA:63,1
DA:64,1
DA:66,1
DA:67,1
DA:68,2
DA:70,2
DA:72,2
DA:73,2
DA:74,2
DA:75,2
DA:76,2
DA:77,2
DA:78,2
DA:79,2
DA:80,2
DA:81,2
DA:83,2
DA:84,1
DA:85,1
DA:86,1
DA:87,1
DA:88,0
DA:90,2
DA:92,2
DA:93,2
DA:95,2
DA:96,2
DA:97,2
DA:98,2
DA:99,1
DA:100,1
DA:101,1
DA:103,1
DA:104,1
DA:105,1
DA:106,1
DA:107,1
DA:109,1
DA:110,1
DA:112,1
DA:113,1
DA:114,1
DA:115,1
DA:117,1
DA:118,1
DA:119,1
DA:120,1
DA:121,18
DA:123,18
DA:124,1
DA:125,2
DA:127,2
DA:130,2
DA:131,2
DA:132,2
DA:133,1
DA:134,1
DA:135,1
DA:136,1
DA:137,1
DA:138,1
DA:139,1
DA:140,1
DA:141,1
DA:142,1
DA:143,1
DA:144,1
DA:146,1
DA:147,1
DA:149,1
DA:150,1
DA:151,1
DA:152,1
DA:153,1
DA:155,1
DA:156,1
DA:157,24
DA:158,24
DA:159,24
DA:160,24
DA:161,24
DA:162,24
DA:163,24
DA:164,24
DA:165,24
DA:167,24
DA:168,24
DA:169,24
DA:170,24
DA:171,1
DA:172,2
DA:173,2
DA:174,2
DA:175,2
DA:176,2
DA:179,2
DA:180,2
DA:182,1
DA:183,1
DA:184,1
DA:185,1
DA:186,1
DA:187,1
DA:188,1
DA:189,1
DA:190,1
DA:191,1
DA:192,1
DA:193,1
DA:194,1
DA:195,1
DA:196,1
DA:198,1
DA:199,1
DA:200,1
DA:201,1
DA:202,1
DA:203,1
DA:204,1
DA:206,1
DA:208,1
DA:210,1
LF:172
LH:171
BRDA:119,0,0,18
BRDA:119,1,0,2
BRDA:120,2,0,18
BRDA:124,3,0,2
BRDA:171,4,0,2
BRDA:199,5,0,16
BRDA:41,6,0,6
BRDA:47,7,0,4
BRDA:50,8,0,6
BRDA:53,9,0,2
BRDA:60,10,0,1
BRDA:67,11,0,2
BRDA:70,12,0,0
BRDA:83,13,0,1
BRDA:87,14,0,0
BRDA:98,15,0,1
BRDA:75,16,0,2
BRDA:110,17,0,1
BRDA:118,18,0,1
BRDA:119,19,0,2
BRDA:156,20,0,24
BRDA:157,21,0,1
BRDA:157,22,0,23
BRDA:192,23,0,12
BRF:24
BRH:22
end_of_record
TN:
SF:src\components\ExtrasSelector.jsx
FN:15,IconMaletaCabina
FN:23,IconMaletaBodega
FN:32,IconSeguro
FN:43,IconAsistencia
FN:51,IconCheck
FN:131,handleToggleExtra
FN:151,calcularTotal
FN:159,formatCurrency
FN:164,getSeatClassName
FN:207,onClick
FN:222,onChange
FN:243,onClick
FN:258,onChange
FN:279,onClick
FN:294,onChange
FN:315,onClick
FN:330,onChange
FN:351,onClick
FN:366,onChange
FNF:19
FNH:11
FNDA:6,IconMaletaCabina
FNDA:6,IconMaletaBodega
FNDA:12,IconSeguro
FNDA:6,IconAsistencia
FNDA:5,IconCheck
FNDA:2,handleToggleExtra
FNDA:6,calcularTotal
FNDA:31,formatCurrency
FNDA:6,getSeatClassName
FNDA:0,onClick
FNDA:0,onChange
FNDA:0,onClick
FNDA:0,onChange
FNDA:1,onClick
FNDA:0,onChange
FNDA:1,onClick
FNDA:0,onChange
FNDA:0,onClick
FNDA:0,onChange
DA:1,1
DA:4,1
DA:5,1
DA:6,1
DA:7,1
DA:8,1
DA:9,1
DA:10,1
DA:13,1
DA:14,1
DA:15,1
DA:16,6
DA:17,6
DA:18,6
DA:21,6
DA:22,6
DA:23,1
DA:24,6
DA:25,6
DA:26,6
DA:27,6
DA:30,6
DA:31,6
DA:32,6
DA:33,6
DA:34,6
DA:36,6
DA:38,6
DA:41,6
DA:42,12
DA:43,1
DA:44,6
DA:45,6
DA:46,6
DA:49,6
DA:50,6
DA:51,1
DA:52,5
DA:55,5
DA:56,5
DA:57,5
DA:58,5
DA:59,5
DA:60,5
DA:61,5
DA:62,5
DA:64,1
DA:65,1
DA:66,1
DA:67,1
DA:68,1
DA:69,1
DA:70,1
DA:73,1
DA:74,1
DA:76,1
DA:78,1
DA:80,1
DA:81,1
DA:82,1
DA:83,1
DA:84,1
DA:85,1
DA:86,2
DA:87,2
DA:88,2
DA:89,2
DA:91,2
DA:92,2
DA:93,1
DA:94,1
DA:95,1
DA:96,1
DA:97,1
DA:98,1
DA:99,1
DA:100,1
DA:102,1
DA:103,1
DA:104,0
DA:105,0
DA:106,0
DA:107,0
DA:108,0
DA:109,0
DA:110,0
DA:111,0
DA:112,0
DA:115,0
DA:116,1
DA:117,1
DA:118,1
DA:119,1
DA:121,1
DA:123,1
DA:124,1
DA:125,1
DA:128,1
DA:129,1
DA:130,6
DA:131,1
DA:132,2
DA:133,2
DA:134,2
DA:135,2
DA:137,2
DA:138,0
DA:139,0
DA:141,2
DA:142,2
DA:143,1
DA:144,1
DA:145,1
DA:146,1
DA:148,1
DA:149,1
DA:150,1
DA:151,1
DA:152,6
DA:153,6
DA:154,6
DA:156,6
DA:157,30
DA:158,6
DA:159,1
DA:160,31
DA:161,31
DA:162,31
DA:164,1
DA:165,6
DA:167,6
DA:168,6
DA:170,1
DA:171,1
DA:172,1
DA:173,1
DA:174,1
DA:175,1
DA:178,1
DA:179,1
DA:180,1
DA:181,1
DA:182,1
DA:183,1
DA:184,1
DA:185,1
DA:186,1
DA:187,1
DA:188,1
DA:189,1
DA:190,1
DA:191,1
DA:192,1
DA:193,1
DA:194,1
DA:195,1
DA:196,1
DA:200,1
DA:202,1
DA:203,1
DA:204,1
DA:206,1
DA:207,1
DA:208,1
DA:209,1
DA:210,1
DA:211,1
DA:212,1
DA:213,1
DA:214,1
DA:216,1
DA:218,1
DA:219,1
DA:220,1
DA:221,1
DA:222,1
DA:223,1
DA:224,1
DA:225,1
DA:226,1
DA:227,5
DA:228,5
DA:230,5
DA:231,5
DA:232,1
DA:233,1
DA:235,1
DA:238,1
DA:239,1
DA:240,1
DA:242,1
DA:243,1
DA:244,1
DA:245,1
DA:246,1
DA:247,1
DA:248,1
DA:249,1
DA:250,1
DA:252,1
DA:254,1
DA:255,1
DA:256,1
DA:257,1
DA:258,1
DA:259,1
DA:260,1
DA:261,1
DA:262,1
DA:263,5
DA:264,5
DA:266,5
DA:267,5
DA:268,1
DA:269,1
DA:271,1
DA:274,1
DA:275,1
DA:276,1
DA:278,1
DA:279,1
DA:280,1
DA:281,1
DA:282,1
DA:283,1
DA:284,1
DA:285,1
DA:286,1
DA:288,1
DA:290,1
DA:291,1
DA:292,1
DA:293,1
DA:294,1
DA:295,1
DA:296,1
DA:297,1
DA:298,1
DA:299,5
DA:300,5
DA:302,5
DA:303,5
DA:304,1
DA:305,1
DA:307,1
DA:310,1
DA:311,1
DA:312,1
DA:314,1
DA:315,1
DA:316,1
DA:317,1
DA:318,1
DA:319,1
DA:320,1
DA:321,1
DA:322,1
DA:324,1
DA:326,1
DA:327,1
DA:328,1
DA:329,1
DA:330,1
DA:331,1
DA:332,1
DA:333,1
DA:334,1
DA:335,5
DA:336,5
DA:338,5
DA:339,5
DA:340,1
DA:341,1
DA:343,1
DA:346,1
DA:347,1
DA:348,1
DA:350,1
DA:351,1
DA:352,1
DA:353,1
DA:354,1
DA:355,1
DA:356,1
DA:357,1
DA:358,1
DA:360,1
DA:362,1
DA:363,1
DA:364,1
DA:365,1
DA:366,1
DA:367,1
DA:368,1
DA:369,1
DA:370,5
DA:371,5
DA:372,5
DA:374,5
DA:375,5
DA:376,1
DA:377,1
DA:379,1
DA:380,1
DA:383,1
DA:384,1
DA:385,1
DA:386,1
DA:387,1
DA:388,1
DA:389,1
DA:390,1
DA:393,1
DA:394,1
DA:395,1
DA:396,1
DA:397,1
DA:398,1
DA:399,1
DA:400,1
DA:401,1
DA:403,1
LF:322
LH:310
BRDA:15,0,0,6
BRDA:23,1,0,6
BRDA:32,2,0,12
BRDA:31,3,0,6
BRDA:43,4,0,6
BRDA:51,5,0,5
BRDA:171,6,0,5
BRDA:171,7,0,5
BRDA:171,8,0,5
BRDA:171,9,0,5
BRDA:170,10,0,0
BRDA:182,11,0,1
BRDA:207,12,0,1
BRDA:207,13,0,5
BRDA:207,14,0,1
BRDA:207,15,0,5
BRDA:216,16,0,1
BRDA:226,17,0,5
BRDA:232,18,0,1
BRDA:243,19,0,1
BRDA:243,20,0,5
BRDA:243,21,0,1
BRDA:243,22,0,5
BRDA:252,23,0,1
BRDA:262,24,0,5
BRDA:268,25,0,1
BRDA:279,26,0,2
BRDA:279,27,0,4
BRDA:279,28,0,1
BRDA:279,29,0,5
BRDA:288,30,0,1
BRDA:298,31,0,5
BRDA:304,32,0,1
BRDA:315,33,0,2
BRDA:315,34,0,4
BRDA:315,35,0,1
BRDA:315,36,0,5
BRDA:324,37,0,1
BRDA:334,38,0,5
BRDA:340,39,0,1
BRDA:351,40,0,1
BRDA:351,41,0,5
BRDA:351,42,0,1
BRDA:351,43,0,5
BRDA:360,44,0,1
BRDA:369,45,0,5
BRDA:85,46,0,2
BRDA:87,47,0,0
BRDA:88,48,0,0
BRDA:91,49,0,1
BRDA:92,50,0,1
BRDA:103,51,0,0
BRDA:129,52,0,6
BRDA:131,53,0,2
BRDA:133,54,0,0
BRDA:135,55,0,1
BRDA:137,56,0,0
BRDA:141,57,0,1
BRDA:142,58,0,1
BRDA:151,59,0,6
BRDA:156,60,0,30
BRDA:157,61,0,7
BRDA:157,62,0,2
BRDA:159,63,0,31
BRDA:164,64,0,6
BRDA:164,65,0,0
BRDA:165,66,0,0
BRDA:168,67,0,4
BRDA:168,68,0,2
BRDA:168,69,0,4
BRDA:170,70,0,0
BRDA:170,71,0,4
BRDA:279,72,0,1
BRDA:315,73,0,1
BRF:74
BRH:65
end_of_record
TN:
SF:src\components\FlightMap.jsx
FN:25,lerpCoords
FN:30,buildArcFast
FN:90,resize
FN:139,drawStep
FN:158,runPlane
FNF:5
FNH:5
FNDA:491,lerpCoords
FNDA:3,buildArcFast
FNDA:3,resize
FNDA:4,drawStep
FNDA:4,runPlane
DA:1,1
DA:2,1
DA:3,1
DA:6,1
DA:12,1
DA:13,1
DA:14,1
DA:15,1
DA:16,1
DA:17,1
DA:18,1
DA:19,1
DA:21,1
DA:22,1
DA:23,1
DA:24,1
DA:25,1
DA:26,491
DA:27,491
DA:28,1
DA:29,1
DA:30,1
DA:31,3
DA:32,3
DA:33,1
DA:35,1
DA:36,1
DA:39,1
DA:40,1
DA:41,1
DA:42,1
DA:45,1
DA:46,1
DA:47,1
DA:48,1
DA:49,3
DA:50,3
DA:51,3
DA:53,3
DA:54,0
DA:56,0
DA:57,0
DA:60,0
DA:61,3
DA:62,3
DA:63,3
DA:66,3
DA:67,3
DA:70,3
DA:71,3
DA:72,3
DA:73,3
DA:74,3
DA:75,3
DA:78,3
DA:79,3
DA:80,3
DA:81,3
DA:82,3
DA:83,3
DA:84,3
DA:85,3
DA:86,3
DA:87,3
DA:88,3
DA:89,3
DA:90,3
DA:91,3
DA:92,3
DA:95,3
DA:98,3
DA:99,3
DA:100,3
DA:101,3
DA:102,3
DA:104,2
DA:105,2
DA:106,1
DA:107,1
DA:108,3
DA:109,3
DA:110,3
DA:111,3
DA:112,488
DA:113,488
DA:116,488
DA:119,488
DA:120,488
DA:121,488
DA:123,488
DA:124,488
DA:126,488
DA:128,488
DA:129,488
DA:131,488
DA:133,488
DA:135,3
DA:136,3
DA:137,3
DA:139,3
DA:140,4
DA:142,4
DA:143,4
DA:146,4
DA:148,4
DA:149,4
DA:150,4
DA:151,1
DA:152,1
DA:153,1
DA:154,3
DA:157,3
DA:158,3
DA:159,4
DA:160,4
DA:161,0
DA:162,0
DA:165,0
DA:166,0
DA:167,4
DA:168,4
DA:169,4
DA:171,4
DA:172,4
DA:173,4
DA:176,4
DA:179,4
DA:180,4
DA:181,4
DA:182,4
DA:183,4
DA:184,4
DA:185,4
DA:186,4
DA:187,3
DA:188,3
DA:189,3
DA:190,3
DA:192,2
DA:193,2
DA:194,2
DA:195,2
DA:196,1
DA:197,1
DA:199,1
DA:201,1
LF:146
LH:138
BRDA:25,0,0,491
BRDA:30,1,0,3
BRDA:32,2,0,491
BRDA:48,3,0,3
BRDA:51,4,0,0
BRDA:53,5,0,0
BRDA:73,6,0,0
BRDA:102,7,0,2
BRDA:105,8,0,1
BRDA:111,9,0,488
BRDA:90,10,0,3
BRDA:100,11,0,0
BRDA:139,12,0,4
BRDA:143,13,0,0
BRDA:150,14,0,1
BRDA:153,15,0,3
BRDA:158,16,0,4
BRDA:159,17,0,0
BRDA:160,18,0,0
BRDA:188,19,0,3
BRDA:190,20,0,2
BRDA:193,21,0,0
BRDA:195,22,0,1
BRDA:193,23,0,0
BRF:24
BRH:15
end_of_record
TN:
SF:src\components\FlightMap2D.jsx
FN:18,useFlightArc
FN:50,useBearingCalculator
FN:51,usePlaneIcon
FN:103,applyRotationToMarker
FN:203,animate
FNF:5
FNH:5
FNDA:2,useFlightArc
FNDA:2,useBearingCalculator
FNDA:2,usePlaneIcon
FNDA:2,applyRotationToMarker
FNDA:6,animate
DA:1,1
DA:7,1
DA:8,1
DA:9,1
DA:11,1
DA:12,1
DA:13,1
DA:14,1
DA:16,1
DA:17,1
DA:18,1
DA:19,2
DA:21,2
DA:22,2
DA:23,2
DA:24,2
DA:25,2
DA:26,2
DA:27,2
DA:30,2
DA:31,2
DA:32,2
DA:34,2
DA:35,8
DA:36,8
DA:37,8
DA:38,8
DA:39,2
DA:40,2
DA:41,0
DA:42,0
DA:43,0
DA:46,0
DA:47,0
DA:49,1
DA:50,1
DA:51,2
DA:72,2
DA:73,2
DA:74,2
DA:75,2
DA:76,2
DA:79,2
DA:80,2
DA:81,2
DA:82,2
DA:83,2
DA:84,2
DA:88,2
DA:89,2
DA:90,2
DA:91,2
DA:92,2
DA:93,2
DA:94,2
DA:96,2
DA:97,2
DA:98,2
DA:99,2
DA:100,2
DA:101,2
DA:102,2
DA:103,1
DA:104,2
DA:105,2
DA:106,2
DA:107,2
DA:108,2
DA:109,2
DA:110,2
DA:111,1
DA:112,1
DA:113,1
DA:114,1
DA:115,1
DA:116,1
DA:117,1
DA:120,1
DA:121,1
DA:122,1
DA:124,1
DA:125,1
DA:126,1
DA:127,1
DA:128,1
DA:129,1
DA:130,1
DA:131,1
DA:134,1
DA:135,1
DA:137,1
DA:138,1
DA:139,1
DA:140,1
DA:141,1
DA:142,1
DA:144,2
DA:145,2
DA:146,1
DA:147,1
DA:150,1
DA:151,1
DA:152,2
DA:153,2
DA:154,2
DA:155,2
DA:156,2
DA:157,2
DA:160,2
DA:161,2
DA:162,2
DA:163,2
DA:164,2
DA:166,2
DA:167,2
DA:170,2
DA:171,2
DA:174,2
DA:175,2
DA:176,2
DA:179,2
DA:180,2
DA:181,2
DA:182,2
DA:183,2
DA:184,2
DA:185,2
DA:187,2
DA:188,2
DA:190,1
DA:192,1
DA:193,1
DA:194,2
DA:196,2
DA:197,2
DA:198,2
DA:199,2
DA:200,2
DA:202,2
DA:203,2
DA:204,6
DA:206,4
DA:207,4
DA:210,4
DA:213,4
DA:214,4
DA:215,4
DA:216,2
DA:217,2
DA:219,2
DA:220,2
DA:222,2
DA:223,2
DA:224,2
DA:225,2
DA:226,2
DA:227,2
DA:229,2
DA:230,2
DA:233,2
DA:234,2
DA:235,2
DA:236,2
DA:238,2
DA:239,2
DA:240,0
DA:243,0
DA:244,0
DA:245,0
DA:246,0
DA:247,0
DA:248,0
DA:249,2
DA:250,6
DA:253,6
DA:254,2
DA:255,2
DA:258,2
DA:259,1
DA:260,1
DA:261,1
DA:263,1
DA:264,1
DA:265,2
DA:266,1
DA:267,1
DA:268,1
DA:271,1
DA:272,2
DA:275,2
DA:278,2
DA:279,2
DA:280,2
DA:281,2
DA:283,2
DA:284,2
DA:285,1
DA:286,2
DA:287,1
DA:288,1
DA:289,1
DA:290,1
DA:291,1
DA:292,2
DA:293,1
DA:295,1
DA:296,1
DA:297,1
DA:298,1
DA:299,1
DA:300,1
DA:301,1
DA:302,1
DA:303,1
DA:304,1
DA:306,1
LF:216
LH:204
BRDA:18,0,0,2
BRDA:21,1,0,2
BRDA:23,2,0,0
BRDA:34,3,0,8
BRDA:40,4,0,0
BRDA:39,5,0,8
BRDA:50,6,0,2
BRDA:51,7,0,2
BRDA:51,8,0,0
BRDA:51,9,0,2
BRDA:51,10,0,2
BRDA:103,11,0,2
BRDA:110,12,0,0
BRDA:284,13,0,0
BRDA:138,14,0,2
BRDA:142,15,0,2
BRDA:145,16,0,1
BRDA:151,17,0,2
BRDA:153,18,0,0
BRDA:193,19,0,2
BRDA:194,20,0,0
BRDA:196,21,0,1
BRDA:203,22,0,6
BRDA:204,23,0,4
BRDA:214,24,0,2
BRDA:215,25,0,2
BRDA:239,26,0,0
BRDA:254,27,0,2
BRDA:264,28,0,2
BRDA:265,29,0,0
BRDA:265,30,0,1
BRDA:275,31,0,1
BRDA:281,32,0,2
BRDA:284,33,0,1
BRDA:291,34,0,2
BRDA:292,35,0,1
BRDA:293,36,0,1
BRDA:295,37,0,1
BRF:38
BRH:29
end_of_record
TN:
SF:src\components\Login.jsx
FN:29,handleLogin
FNF:1
FNH:1
FNDA:3,handleLogin
DA:1,1
DA:2,1
DA:3,1
DA:4,1
DA:5,1
DA:7,1
DA:8,1
DA:9,1
DA:10,1
DA:12,1
DA:13,1
DA:14,1
DA:16,1
DA:18,1
DA:21,1
DA:22,1
DA:23,1
DA:24,1
DA:25,1
DA:26,1
DA:28,1
DA:29,1
DA:31,1
DA:32,1
DA:33,1
DA:34,1
DA:37,1
DA:40,1
DA:41,1
DA:43,1
DA:44,1
DA:45,1
DA:46,1
DA:49,1
DA:50,1
DA:51,1
DA:52,1
DA:53,1
DA:57,1
DA:58,1
DA:59,1
DA:60,1
DA:62,1
DA:63,1
DA:64,1
DA:65,1
DA:66,3
DA:68,3
DA:69,3
DA:70,1
DA:71,4
DA:72,4
DA:73,4
DA:74,4
DA:75,4
DA:76,4
DA:78,4
DA:81,4
DA:82,1
DA:84,1
DA:85,1
DA:87,1
DA:88,1
DA:89,1
DA:92,1
DA:93,1
DA:94,1
DA:95,1
DA:96,1
DA:98,1
DA:100,1
LF:71
LH:71
BRDA:52,0,0,1
BRDA:65,1,0,3
BRDA:70,2,0,4
BRDA:29,3,0,3
BRDA:33,4,0,2
BRF:5
BRH:5
end_of_record
TN:
SF:src\components\NavBar.jsx
FN:26,fetchUserProfile
FN:49,handleLogout
FN:62,onClick
FN:83,onClick
FN:96,onClick
FN:101,onClick
FNF:6
FNH:3
FNDA:3,fetchUserProfile
FNDA:1,handleLogout
FNDA:2,onClick
FNDA:0,onClick
FNDA:0,onClick
FNDA:0,onClick
DA:1,1
DA:2,1
DA:3,1
DA:4,1
DA:5,1
DA:7,1
DA:8,1
DA:9,1
DA:10,1
DA:12,1
DA:14,1
DA:15,1
DA:16,1
DA:17,1
DA:18,1
DA:19,1
DA:21,1
DA:22,1
DA:23,1
DA:24,1
DA:25,3
DA:26,3
DA:27,3
DA:28,3
DA:29,3
DA:31,3
DA:32,3
DA:33,3
DA:34,3
DA:36,3
DA:37,2
DA:38,1
DA:39,1
DA:40,1
DA:41,1
DA:43,1
DA:44,1
DA:45,1
DA:47,3
DA:48,1
DA:49,1
DA:51,1
DA:52,1
DA:53,1
DA:54,1
DA:57,1
DA:58,1
DA:59,1
DA:60,1
DA:61,1
DA:62,1
DA:63,1
DA:64,1
DA:65,1
DA:66,1
DA:67,1
DA:68,1
DA:69,1
DA:70,1
DA:71,1
DA:73,1
DA:74,1
DA:75,1
DA:78,1
DA:79,1
DA:80,1
DA:81,1
DA:82,1
DA:83,1
DA:84,1
DA:85,1
DA:86,1
DA:87,1
DA:88,1
DA:89,1
DA:90,1
DA:92,1
DA:94,1
DA:95,1
DA:96,1
DA:97,1
DA:99,1
DA:100,1
DA:101,1
DA:102,1
DA:104,1
DA:106,1
DA:107,1
DA:108,1
DA:109,1
DA:110,1
DA:111,1
DA:113,1
DA:114,1
DA:115,1
DA:117,1
DA:119,1
LF:97
LH:97
BRDA:51,0,0,5
BRDA:51,1,0,3
BRDA:51,2,0,0
BRDA:52,3,0,5
BRDA:52,4,0,3
BRDA:52,5,0,0
BRDA:52,6,0,5
BRDA:52,7,0,3
BRDA:73,8,0,2
BRDA:73,9,0,6
BRDA:24,10,0,3
BRDA:26,11,0,3
BRDA:36,12,0,2
BRDA:37,13,0,1
BRDA:49,14,0,1
BRDA:62,15,0,2
BRF:16
BRH:14
end_of_record
TN:
SF:src\components\PaymentForm.jsx
FN:20,PaymentForm
FN:53,handleChange
FN:57,validateForm
FN:105,handleSubmit
FN:121,formatCurrency
FN:406,IconCreditCard
FN:413,IconDebitCard
FNF:7
FNH:7
FNDA:54,PaymentForm
FNDA:46,handleChange
FNDA:2,validateForm
FNDA:2,handleSubmit
FNDA:161,formatCurrency
FNDA:54,IconCreditCard
FNDA:54,IconDebitCard
DA:1,1
DA:2,1
DA:4,1
DA:5,1
DA:6,1
DA:7,1
DA:8,1
DA:9,1
DA:10,1
DA:11,1
DA:12,1
DA:13,1
DA:14,1
DA:15,1
DA:16,1
DA:17,1
DA:18,1
DA:19,1
DA:20,1
DA:21,54
DA:23,54
DA:24,54
DA:27,54
DA:28,54
DA:29,54
DA:30,54
DA:31,54
DA:32,54
DA:33,54
DA:34,54
DA:35,54
DA:36,3
DA:37,3
DA:38,3
DA:40,3
DA:41,3
DA:42,2
DA:44,2
DA:45,2
DA:46,2
DA:47,2
DA:49,2
DA:50,2
DA:52,54
DA:53,54
DA:55,46
DA:56,0
DA:57,54
DA:58,2
DA:59,2
DA:60,1
DA:62,2
DA:63,2
DA:64,2
DA:65,2
DA:66,1
DA:67,1
DA:69,1
DA:70,2
DA:71,2
DA:73,2
DA:74,1
DA:75,1
DA:76,1
DA:77,2
DA:78,2
DA:79,1
DA:80,2
DA:81,1
DA:82,1
DA:84,1
DA:85,1
DA:86,1
DA:88,1
DA:89,1
DA:91,1
DA:92,1
DA:93,1
DA:95,1
DA:97,1
DA:99,1
DA:100,0
DA:101,0
DA:102,0
DA:103,1
DA:104,2
DA:105,54
DA:106,2
DA:107,2
DA:108,1
DA:109,1
DA:111,1
DA:112,1
DA:113,1
DA:114,2
DA:115,0
DA:116,0
DA:117,0
DA:119,0
DA:120,0
DA:121,54
DA:122,54
DA:123,54
DA:124,54
DA:126,54
DA:128,54
DA:129,54
DA:131,54
DA:132,54
DA:133,54
DA:134,54
DA:135,54
DA:136,54
DA:137,54
DA:138,54
DA:139,54
DA:140,54
DA:141,54
DA:142,54
DA:143,54
DA:144,54
DA:145,54
DA:147,54
DA:148,54
DA:149,54
DA:150,54
DA:151,54
DA:152,54
DA:153,54
DA:154,54
DA:155,54
DA:156,54
DA:158,2
DA:159,2
DA:160,0
DA:161,0
DA:162,0
DA:164,0
DA:166,0
DA:169,0
DA:170,2
DA:171,0
DA:172,0
DA:173,0
DA:175,0
DA:177,0
DA:180,0
DA:181,2
DA:182,0
DA:183,0
DA:184,0
DA:186,0
DA:188,0
DA:191,0
DA:192,2
DA:193,0
DA:194,0
DA:195,0
DA:197,0
DA:199,0
DA:202,0
DA:203,2
DA:204,2
DA:205,2
DA:206,2
DA:208,2
DA:210,2
DA:212,2
DA:215,2
DA:216,54
DA:217,54
DA:218,54
DA:219,54
DA:222,54
DA:223,54
DA:225,54
DA:226,54
DA:227,54
DA:228,54
DA:229,54
DA:230,54
DA:231,54
DA:232,54
DA:233,54
DA:234,54
DA:235,54
DA:236,54
DA:237,54
DA:238,54
DA:239,1
DA:241,1
DA:242,54
DA:243,54
DA:244,54
DA:245,54
DA:246,54
DA:247,54
DA:248,54
DA:249,54
DA:250,54
DA:251,54
DA:252,54
DA:253,54
DA:254,54
DA:256,54
DA:257,54
DA:258,54
DA:259,54
DA:260,54
DA:261,54
DA:262,54
DA:263,54
DA:264,54
DA:265,54
DA:266,54
DA:267,54
DA:268,54
DA:269,1
DA:271,1
DA:272,54
DA:273,54
DA:274,54
DA:275,54
DA:276,54
DA:277,54
DA:278,54
DA:279,54
DA:280,54
DA:281,54
DA:282,54
DA:283,54
DA:284,54
DA:286,54
DA:287,54
DA:288,54
DA:289,54
DA:290,54
DA:291,54
DA:292,54
DA:293,54
DA:295,54
DA:296,54
DA:297,54
DA:298,54
DA:299,54
DA:300,54
DA:302,54
DA:303,54
DA:304,54
DA:305,54
DA:306,54
DA:307,54
DA:308,54
DA:309,54
DA:310,54
DA:311,54
DA:312,54
DA:313,54
DA:314,54
DA:315,54
DA:317,54
DA:318,54
DA:319,54
DA:320,54
DA:321,54
DA:322,54
DA:323,54
DA:324,54
DA:325,54
DA:326,54
DA:327,54
DA:328,54
DA:329,1
DA:331,54
DA:333,54
DA:335,54
DA:336,54
DA:337,54
DA:338,54
DA:339,54
DA:340,54
DA:341,54
DA:342,54
DA:343,54
DA:344,54
DA:345,54
DA:346,54
DA:347,54
DA:348,54
DA:350,54
DA:351,54
DA:352,54
DA:353,54
DA:354,54
DA:355,54
DA:356,54
DA:357,54
DA:358,54
DA:359,54
DA:360,54
DA:361,54
DA:362,54
DA:364,54
DA:365,54
DA:366,54
DA:367,54
DA:368,54
DA:369,54
DA:370,54
DA:371,54
DA:372,54
DA:373,54
DA:374,54
DA:375,54
DA:376,54
DA:377,54
DA:379,54
DA:380,54
DA:381,54
DA:382,54
DA:383,54
DA:384,54
DA:385,54
DA:387,54
DA:388,54
DA:389,53
DA:390,53
DA:391,53
DA:393,53
DA:394,53
DA:395,54
DA:396,54
DA:397,54
DA:398,54
DA:399,54
DA:401,54
DA:404,54
DA:405,54
DA:406,1
DA:407,54
DA:408,54
DA:411,54
DA:412,54
DA:413,1
DA:414,54
DA:415,54
DA:416,54
DA:419,54
DA:420,54
DA:421,1
DA:422,1
DA:423,1
DA:426,1
LF:353
LH:320
BRDA:20,0,0,54
BRDA:141,1,0,0
BRDA:156,2,0,2
BRDA:159,3,0,0
BRDA:171,4,0,0
BRDA:175,5,0,0
BRDA:170,6,0,0
BRDA:181,7,0,0
BRDA:192,8,0,0
BRDA:204,9,0,0
BRDA:229,10,0,1
BRDA:229,11,0,53
BRDA:238,12,0,1
BRDA:243,13,0,1
BRDA:243,14,0,53
BRDA:259,15,0,1
BRDA:259,16,0,53
BRDA:268,17,0,1
BRDA:273,18,0,1
BRDA:273,19,0,53
BRDA:304,20,0,1
BRDA:304,21,0,53
BRDA:319,22,0,1
BRDA:319,23,0,53
BRDA:328,24,0,1
BRDA:388,25,0,1
BRDA:388,26,0,53
BRDA:35,27,0,3
BRDA:40,28,0,0
BRDA:41,29,0,2
BRDA:42,30,0,2
BRDA:45,31,0,0
BRDA:50,32,0,0
BRDA:52,33,0,0
BRDA:53,34,0,46
BRDA:55,35,0,0
BRDA:53,36,0,46
BRDA:57,37,0,2
BRDA:59,38,0,1
BRDA:63,39,0,1
BRDA:65,40,0,1
BRDA:69,41,0,0
BRDA:73,42,0,1
BRDA:76,43,0,0
BRDA:78,44,0,1
BRDA:80,45,0,1
BRDA:99,46,0,0
BRDA:105,47,0,2
BRDA:107,48,0,1
BRDA:114,49,0,0
BRDA:120,50,0,1
BRDA:121,51,0,161
BRDA:154,52,0,54
BRDA:156,53,0,0
BRDA:156,54,0,52
BRDA:156,55,0,52
BRDA:406,56,0,54
BRDA:413,57,0,54
BRF:58
BRH:40
end_of_record
TN:
SF:src\components\PlaneViewer.jsx
FN:119,loadModel
FN:235,getPointer
FN:245,onPointerDown
FN:260,onPointerMove
FN:277,onPointerUp
FN:287,animate
FN:301,handleResize
FN:330,onClick
FNF:8
FNH:8
FNDA:1,loadModel
FNDA:1,getPointer
FNDA:1,onPointerDown
FNDA:1,onPointerMove
FNDA:1,onPointerUp
FNDA:1,animate
FNDA:1,handleResize
FNDA:1,onClick
DA:1,1
DA:9,1
DA:10,1
DA:11,1
DA:12,1
DA:13,1
DA:14,1
DA:15,1
DA:16,1
DA:17,1
DA:18,1
DA:19,1
DA:20,1
DA:22,1
DA:23,1
DA:24,1
DA:26,1
DA:27,1
DA:28,1
DA:31,1
DA:32,1
DA:34,1
DA:35,1
DA:36,1
DA:37,1
DA:38,1
DA:41,1
DA:42,1
DA:43,1
DA:44,1
DA:45,1
DA:47,1
DA:48,1
DA:49,1
DA:50,1
DA:52,1
DA:53,1
DA:56,1
DA:57,1
DA:59,1
DA:60,1
DA:61,1
DA:64,1
DA:65,1
DA:66,1
DA:67,1
DA:68,1
DA:69,1
DA:70,1
DA:71,1
DA:72,1
DA:75,1
DA:76,1
DA:77,1
DA:78,1
DA:79,1
DA:80,1
DA:83,1
DA:86,1
DA:87,1
DA:88,1
DA:91,1
DA:94,1
DA:97,1
DA:99,1
DA:100,1
DA:101,1
DA:102,1
DA:103,1
DA:105,1
DA:106,1
DA:107,1
DA:110,1
DA:111,1
DA:112,1
DA:114,1
DA:115,1
DA:116,1
DA:119,1
DA:120,1
DA:123,1
DA:124,1
DA:125,1
DA:127,1
DA:129,1
DA:130,1
DA:131,1
DA:132,1
DA:133,1
DA:134,1
DA:135,1
DA:136,1
DA:137,1
DA:138,1
DA:139,1
DA:141,1
DA:142,1
DA:143,1
DA:144,1
DA:145,1
DA:147,1
DA:148,1
DA:150,1
DA:151,1
DA:152,1
DA:153,1
DA:155,1
DA:156,1
DA:157,1
DA:158,1
DA:159,1
DA:160,0
DA:161,0
DA:162,0
DA:163,0
DA:166,0
DA:167,1
DA:168,1
DA:169,1
DA:170,1
DA:172,1
DA:173,1
DA:174,0
DA:175,0
DA:176,0
DA:177,1
DA:178,0
DA:179,0
DA:180,1
DA:183,1
DA:184,1
DA:185,1
DA:186,1
DA:187,1
DA:188,1
DA:189,1
DA:190,1
DA:191,1
DA:192,1
DA:193,1
DA:194,1
DA:195,1
DA:196,1
DA:197,1
DA:198,1
DA:199,1
DA:200,1
DA:201,1
DA:202,1
DA:203,1
DA:204,1
DA:205,1
DA:206,0
DA:207,0
DA:210,0
LF:155
LH:142
BRDA:317,0,0,1
BRDA:317,1,0,1
BRDA:43,2,0,1
BRDA:45,3,0,0
BRDA:119,4,0,1
BRDA:120,5,0,1
BRDA:120,6,0,0
BRDA:123,7,0,0
BRDA:134,8,0,0
BRDA:139,9,0,1
BRDA:155,10,0,0
BRDA:159,11,0,0
BRDA:186,12,0,1
BRDA:193,13,0,1
BRDA:219,14,0,1
BRDA:287,15,0,1
BRDA:291,16,0,1
BRDA:292,17,0,1
BRDA:295,18,0,1
BRDA:295,19,0,1
BRDA:296,20,0,1
BRDA:310,21,0,1
BRF:22
BRH:16
end_of_record
TN:
SF:src\components\ProtectedRoute.jsx
FN:15,redirectToHome
FN:22,get
FN:52,checkAuth
FNF:3
FNH:3
FNDA:2,redirectToHome
FNDA:2,get
FNDA:3,checkAuth
DA:1,1
DA:6,1
DA:7,1
DA:8,1
DA:9,1
DA:10,1
DA:11,1
DA:12,1
DA:14,1
DA:15,1
DA:16,2
DA:17,1
DA:18,1
DA:21,1
DA:22,1
DA:23,1
DA:24,1
DA:25,1
DA:26,1
DA:27,1
DA:28,1
DA:29,1
DA:32,1
DA:33,1
DA:35,1
DA:38,4
DA:39,4
DA:41,4
DA:42,4
DA:43,1
DA:44,1
DA:46,1
DA:47,1
DA:49,1
DA:50,1
DA:51,4
DA:52,4
DA:55,3
DA:56,3
DA:57,1
DA:58,1
DA:59,1
DA:60,1
DA:61,1
DA:63,1
DA:66,1
DA:67,1
DA:68,1
DA:69,1
DA:70,1
DA:71,3
DA:73,3
DA:76,3
DA:77,3
DA:78,3
DA:79,3
DA:80,1
DA:81,0
DA:82,0
DA:84,0
DA:87,0
DA:88,0
DA:89,0
DA:90,0
DA:91,0
DA:92,1
DA:93,1
DA:94,1
DA:96,1
DA:97,1
DA:98,1
DA:100,1
DA:101,1
DA:102,1
DA:104,1
DA:107,1
DA:108,1
DA:109,1
DA:111,1
LF:79
LH:71
BRDA:15,0,0,2
BRDA:16,1,0,1
BRDA:22,2,0,2
BRDA:59,3,0,5
BRDA:59,4,0,5
BRDA:59,5,0,1
BRDA:69,6,0,5
BRDA:70,7,0,3
BRDA:80,8,0,2
BRDA:80,9,0,1
BRDA:80,10,0,0
BRDA:92,11,0,2
BRDA:35,12,0,4
BRDA:50,13,0,4
BRDA:59,14,0,3
BRDA:52,15,0,3
BRDA:55,16,0,2
BRDA:55,17,0,1
BRDA:56,18,0,1
BRDA:56,19,0,1
BRDA:59,20,0,2
BRDA:55,21,0,3
BRF:22
BRH:21
end_of_record
TN:
SF:src\components\SeatSelector.jsx
FN:24,makeSeatId
FN:24,generateInitialSeats
FN:73,loadSeats
FN:158,webSocketFactory
FN:158,onConnect
FN:211,onStompError
FN:215,onWebSocketError
FN:262,handleSeatClick
FN:420,getTitle
FN:435,onClick
FNF:10
FNH:7
FNDA:5544,makeSeatId
FNDA:22,generateInitialSeats
FNDA:4,loadSeats
FNDA:0,webSocketFactory
FNDA:4,onConnect
FNDA:0,onStompError
FNDA:0,onWebSocketError
FNDA:3,handleSeatClick
FNDA:3528,getTitle
FNDA:3,onClick
DA:1,1
DA:6,1
DA:7,1
DA:8,1
DA:9,1
DA:11,1
DA:12,1
DA:13,1
DA:15,1
DA:16,1
DA:17,1
DA:18,1
DA:19,1
DA:20,1
DA:21,1
DA:22,1
DA:23,1
DA:24,1
DA:25,22
DA:26,22
DA:27,22
DA:28,22
DA:30,22
DA:31,132
DA:32,792
DA:33,22
DA:34,528
DA:35,528
DA:36,1
DA:37,1
DA:38,1
DA:39,1
DA:40,1
DA:43,1
DA:44,1
DA:45,1
DA:46,1
DA:47,1
DA:48,1
DA:49,1
DA:52,1
DA:53,1
DA:55,1
DA:57,1
DA:58,1
DA:59,4
DA:61,4
DA:63,4
DA:64,4
DA:65,3
DA:66,3
DA:67,3
DA:70,1
DA:71,1
DA:73,4
DA:75,4
DA:76,4
DA:77,4
DA:78,4
DA:79,4
DA:80,4
DA:81,4
DA:82,4
DA:83,1008
DA:84,7
DA:85,7
DA:86,7
DA:87,7
DA:88,7
DA:89,7
DA:91,7
DA:94,7
DA:95,7
DA:96,7
DA:98,7
DA:100,7
DA:101,7
DA:102,7
DA:103,7
DA:104,4
DA:105,4
DA:106,4
DA:107,4
DA:108,4
DA:109,4
DA:110,0
DA:112,1
DA:113,1
DA:115,1
DA:116,1
DA:117,1
DA:118,1
DA:119,1
DA:120,1
DA:121,1
DA:122,1
DA:123,1
DA:124,1
DA:126,1
DA:127,4
DA:128,3
DA:129,3
DA:130,0
DA:131,0
DA:132,0
DA:135,0
DA:138,0
DA:141,0
DA:142,0
DA:143,4
DA:144,4
DA:145,4
DA:146,4
DA:147,4
DA:149,4
DA:150,4
DA:151,4
DA:152,4
DA:155,4
DA:156,4
DA:157,4
DA:158,4
DA:159,0
DA:160,0
DA:161,0
DA:162,0
DA:163,0
DA:164,0
DA:167,0
DA:168,0
DA:170,0
DA:172,0
DA:173,0
DA:174,0
DA:175,0
DA:176,0
DA:177,0
DA:178,0
DA:179,0
DA:180,0
DA:181,0
DA:183,0
DA:185,0
DA:186,0
DA:187,0
DA:188,0
DA:189,0
DA:190,0
DA:191,0
DA:192,0
DA:193,0
DA:194,0
DA:195,0
DA:196,0
DA:197,0
DA:198,0
DA:199,0
DA:200,0
DA:201,0
DA:202,0
DA:204,0
DA:205,0
DA:208,0
DA:209,0
DA:210,4
DA:211,4
DA:212,4
DA:215,4
DA:216,4
DA:217,4
DA:219,4
DA:220,0
DA:221,4
DA:222,4
DA:224,1
DA:225,1
DA:226,4
DA:227,4
DA:228,4
DA:229,4
DA:230,4
DA:231,4
DA:232,1
DA:233,1
DA:234,8
DA:235,1
DA:236,1
DA:237,1
DA:238,1
DA:240,8
DA:242,8
DA:245,2016
DA:246,8
DA:247,240
DA:250,240
DA:253,240
DA:256,240
DA:257,1920
DA:258,240
DA:259,8
DA:262,1
DA:263,3
DA:264,3
DA:265,3
DA:266,3
DA:267,3
DA:268,3
DA:269,3
DA:270,3
DA:271,3
DA:272,3
DA:273,1
DA:274,1
DA:275,1
DA:276,1
DA:277,1
DA:278,1
DA:279,1
DA:280,1
DA:281,1
DA:284,1
DA:285,1
DA:286,1
DA:288,1
DA:290,1
DA:291,0
DA:292,1
DA:293,1
DA:294,1
DA:295,1
DA:296,0
DA:297,1
DA:300,3
DA:301,2
DA:304,2
DA:305,2
DA:306,3
DA:307,3
DA:309,0
DA:310,0
DA:311,0
DA:312,0
DA:313,3
DA:315,2
DA:316,2
DA:317,2
DA:318,2
DA:320,2
DA:321,2
DA:322,2
DA:323,2
DA:324,2
DA:325,2
DA:326,2
DA:327,2
DA:328,2
DA:329,2
DA:330,2
DA:331,0
DA:332,0
DA:333,0
DA:334,0
DA:335,0
DA:336,0
DA:337,0
DA:338,0
DA:340,0
DA:341,0
DA:342,2
DA:345,2
DA:347,0
DA:348,0
DA:349,0
DA:351,0
DA:352,2
DA:353,2
DA:354,2
DA:356,3
DA:357,0
DA:358,1
DA:359,8
DA:360,1
DA:361,4
DA:362,4
DA:363,4
DA:365,4
DA:367,4
DA:368,4
DA:369,4
DA:370,4
DA:371,4
DA:372,4
DA:373,4
DA:374,1
DA:375,1
DA:378,1
DA:379,1
DA:380,420
DA:381,420
DA:382,420
DA:383,420
DA:387,1260
DA:390,1260
DA:393,3528
DA:396,0
DA:403,0
DA:404,0
DA:405,0
DA:406,0
DA:407,0
DA:408,0
DA:409,0
DA:410,0
DA:412,3528
DA:413,3528
DA:414,3528
DA:415,3528
DA:416,3528
DA:417,3528
DA:418,10
DA:419,3528
DA:420,3519
DA:421,3528
DA:422,3528
DA:423,3528
DA:425,3528
DA:426,3528
DA:427,9
DA:428,9
DA:429,9
DA:430,9
DA:431,9
DA:432,3528
DA:433,3528
DA:435,3528
DA:436,3528
DA:437,3528
DA:439,3528
DA:440,3528
DA:441,3528
DA:442,3528
DA:445,420
DA:446,420
DA:447,420
DA:448,420
DA:449,420
DA:451,420
DA:452,420
DA:454,420
DA:455,1
DA:456,1
DA:457,1
DA:458,1
DA:459,1
DA:460,1
DA:462,1
LF:356
LH:275
BRDA:24,0,0,5544
BRDA:24,1,0,22
BRDA:30,2,0,132
BRDA:33,3,0,528
BRDA:31,4,0,792
BRDA:34,5,0,4752
BRDA:360,6,0,4
BRDA:58,7,0,4
BRDA:64,8,0,3
BRDA:71,9,0,4
BRDA:71,10,0,0
BRDA:219,11,0,0
BRDA:73,12,0,4
BRDA:107,13,0,0
BRDA:109,14,0,1
BRDA:109,15,0,0
BRDA:127,16,0,3
BRDA:129,17,0,0
BRDA:143,18,0,0
BRDA:82,19,0,1008
BRDA:83,20,0,7
BRDA:94,21,0,3
BRDA:95,22,0,3
BRDA:100,23,0,3
BRDA:104,24,0,1001
BRDA:83,25,0,1761
BRDA:106,26,0,763
BRDA:106,27,0,4
BRDA:158,28,0,4
BRDA:221,29,0,4
BRDA:225,30,0,4
BRDA:225,31,0,4
BRDA:228,32,0,0
BRDA:233,33,0,8
BRDA:234,34,0,2016
BRDA:234,35,0,232
BRDA:238,36,0,8
BRDA:242,37,0,2016
BRDA:242,38,0,240
BRDA:246,39,0,240
BRDA:250,40,0,48
BRDA:250,41,0,192
BRDA:256,42,0,0
BRDA:256,43,0,1920
BRDA:262,44,0,3
BRDA:265,45,0,0
BRDA:266,46,0,0
BRDA:268,47,0,0
BRDA:270,48,0,0
BRDA:272,49,0,1
BRDA:272,50,0,1
BRDA:295,51,0,0
BRDA:300,52,0,2
BRDA:306,53,0,0
BRDA:307,54,0,0
BRDA:313,55,0,2
BRDA:320,56,0,0
BRDA:356,57,0,0
BRDA:285,58,0,1
BRDA:288,59,0,0
BRDA:292,60,0,1
BRDA:323,61,0,2
BRDA:329,62,0,1
BRDA:330,63,0,0
BRDA:352,64,0,2
BRDA:358,65,0,8
BRDA:359,66,0,0
BRDA:359,67,0,4
BRDA:359,68,0,4
BRDA:379,69,0,420
BRDA:380,70,0,84
BRDA:380,71,0,336
BRDA:381,72,0,0
BRDA:383,73,0,1260
BRDA:390,74,0,3528
BRDA:393,75,0,0
BRDA:414,76,0,10
BRDA:415,77,0,10
BRDA:416,78,0,1260
BRDA:417,79,0,0
BRDA:417,80,0,10
BRDA:419,81,0,9
BRDA:419,82,0,3519
BRDA:419,83,0,3514
BRDA:420,84,0,5
BRDA:420,85,0,3514
BRDA:435,86,0,3523
BRDA:435,87,0,0
BRDA:435,88,0,10
BRDA:436,89,0,3518
BRDA:436,90,0,10
BRDA:390,91,0,16884
BRDA:420,92,0,3528
BRDA:422,93,0,0
BRDA:426,94,0,10
BRDA:426,95,0,9
BRDA:431,96,0,3519
BRDA:432,97,0,3514
BRDA:432,98,0,5
BRDA:433,99,0,3514
BRDA:435,100,0,3
BRF:101
BRH:76
end_of_record
TN:
SF:src\services\api.js
FN:24,getApiBaseUrl
FN:39,get
FN:135,api.interceptors.response.use.errorData.url
FN:188,get
FN:189,get
FN:190,get
FN:191,get
FN:192,get
FN:193,get
FN:194,get
FN:195,get
FN:196,get
FN:198,get
FN:205,get
FN:213,isBackendAvailable
FN:222,isAuthenticated
FN:225,getTokenInfo
FN:249,clearAuth
FN:252,getUserEmail
FNF:19
FNH:18
FNDA:4,getApiBaseUrl
FNDA:3,get
FNDA:0,api.interceptors.response.use.errorData.url
FNDA:1,get
FNDA:1,get
FNDA:1,get
FNDA:1,get
FNDA:1,get
FNDA:1,get
FNDA:1,get
FNDA:1,get
FNDA:1,get
FNDA:1,get
FNDA:1,get
FNDA:2,isBackendAvailable
FNDA:2,isAuthenticated
FNDA:4,getTokenInfo
FNDA:1,clearAuth
FNDA:1,getUserEmail
DA:1,1
DA:2,1
DA:15,1
DA:16,1
DA:17,1
DA:18,1
DA:19,1
DA:20,1
DA:21,1
DA:22,1
DA:23,1
DA:24,1
DA:25,4
DA:26,4
DA:27,4
DA:28,1
DA:29,4
DA:30,3
DA:31,3
DA:32,1
DA:33,4
DA:34,2
DA:35,2
DA:36,1
DA:37,1
DA:38,1
DA:39,1
DA:40,1
DA:41,1
DA:42,1
DA:43,1
DA:44,1
DA:45,1
DA:46,1
DA:47,1
DA:48,1
DA:49,1
DA:50,1
DA:51,1
DA:52,1
DA:53,1
DA:54,1
DA:55,1
DA:56,1
DA:57,1
DA:58,1
DA:59,1
DA:60,1
DA:61,1
DA:62,1
DA:63,1
DA:64,1
DA:65,1
DA:66,3
DA:67,3
DA:68,3
DA:69,3
DA:70,3
DA:71,3
DA:72,3
DA:73,3
DA:74,3
DA:75,3
DA:76,3
DA:77,3
DA:78,3
DA:79,3
DA:80,3
DA:81,3
DA:82,3
DA:83,3
DA:84,3
DA:85,3
DA:86,3
DA:87,3
DA:88,3
DA:89,3
DA:90,18
DA:91,3
DA:92,3
DA:93,3
DA:94,3
DA:95,3
DA:96,3
DA:97,3
DA:98,1
DA:99,1
DA:100,1
DA:101,1
DA:102,1
DA:103,1
DA:104,1
DA:105,1
DA:106,1
DA:107,3
DA:108,2
DA:109,2
DA:110,3
DA:111,1
DA:112,1
DA:113,1
DA:114,1
DA:115,1
DA:116,1
DA:117,1
DA:118,0
DA:119,0
DA:120,1
DA:121,1
DA:122,1
DA:123,1
DA:124,1
DA:125,1
DA:126,1
DA:127,1
DA:128,0
DA:129,0
DA:130,1
DA:131,1
DA:132,1
DA:133,1
DA:134,1
DA:135,1
DA:136,0
DA:137,0
DA:138,0
DA:139,0
DA:140,0
DA:141,0
DA:142,1
DA:143,2
DA:144,2
DA:145,2
DA:146,2
DA:147,2
DA:148,2
DA:149,2
DA:150,2
DA:151,2
DA:152,2
DA:153,2
DA:154,2
DA:155,2
DA:156,2
DA:157,2
DA:158,2
DA:159,2
DA:160,2
DA:161,2
DA:162,9
DA:163,9
DA:164,2
DA:165,2
DA:166,2
DA:167,2
DA:168,2
DA:169,2
DA:170,2
DA:171,2
DA:172,1
DA:173,1
DA:174,1
DA:175,1
DA:176,1
DA:177,2
DA:178,0
DA:179,0
DA:180,0
DA:181,0
DA:182,0
DA:183,0
DA:184,0
DA:185,0
DA:186,0
DA:187,1
DA:188,1
DA:189,1
DA:190,1
DA:191,1
DA:192,1
DA:193,1
DA:194,1
DA:195,1
DA:196,1
DA:197,1
DA:198,1
DA:199,1
DA:200,1
DA:201,1
DA:202,1
DA:203,1
DA:204,1
DA:205,1
DA:206,1
DA:207,1
DA:208,1
DA:209,1
DA:210,1
DA:211,1
DA:212,1
DA:213,1
DA:214,2
DA:215,2
DA:216,2
DA:217,1
DA:218,1
DA:219,1
DA:220,1
DA:221,1
DA:222,1
DA:223,2
DA:224,1
DA:225,1
DA:226,4
DA:227,4
DA:228,4
DA:229,4
DA:230,4
DA:231,4
DA:232,4
DA:233,1
DA:234,4
DA:235,4
DA:236,4
DA:237,4
DA:238,4
DA:239,4
DA:240,4
DA:241,4
DA:242,4
DA:243,4
DA:244,0
DA:245,4
DA:246,1
DA:247,1
DA:248,1
DA:249,1
DA:250,1
DA:251,1
DA:252,1
DA:253,1
DA:254,1
DA:255,1
DA:256,1
DA:257,1
DA:258,1
DA:259,1
DA:260,1
DA:261,1
DA:262,1
LF:250
LH:230
BRDA:24,0,0,4
BRDA:27,1,0,1
BRDA:29,2,0,3
BRDA:32,3,0,1
BRDA:33,4,0,2
BRDA:39,5,0,3
BRDA:65,6,0,3
BRDA:97,7,0,2
BRDA:97,8,0,1
BRDA:107,9,0,2
BRDA:110,10,0,1
BRDA:117,11,0,0
BRDA:127,12,0,2
BRDA:89,13,0,18
BRDA:93,14,0,17
BRDA:142,15,0,2
BRDA:154,16,0,0
BRDA:171,17,0,1
BRDA:177,18,0,0
BRDA:161,19,0,9
BRDA:175,20,0,1
BRDA:188,21,0,1
BRDA:189,22,0,1
BRDA:190,23,0,1
BRDA:191,24,0,1
BRDA:192,25,0,1
BRDA:193,26,0,1
BRDA:194,27,0,1
BRDA:195,28,0,1
BRDA:196,29,0,1
BRDA:198,30,0,1
BRDA:205,31,0,1
BRDA:213,32,0,2
BRDA:216,33,0,1
BRDA:222,34,0,2
BRDA:225,35,0,4
BRDA:226,36,0,0
BRDA:231,37,0,1
BRDA:232,38,0,1
BRDA:240,39,0,1
BRDA:243,40,0,0
BRDA:249,41,0,1
BRDA:252,42,0,1
BRDA:255,43,0,0
BRDA:259,44,0,0
BRF:45
BRH:38
end_of_record
